[0.143s] Invoking command in '/home/parker/turtlebot3_ws/build/turtlebot3_manipulation_moveit_config': CMAKE_PREFIX_PATH=/home/parker/turtlebot3_ws/install/turtlebot3_manipulation_description:/home/parker/turtlebot3_ws/install/turtlebot3:/home/parker/turtlebot3_ws/install/turtlebot3_simulations:/home/parker/turtlebot3_ws/install/turtlebot3_bringup:/home/parker/turtlebot3_ws/install/turtlebot3_node:/home/parker/turtlebot3_ws/install/turtlebot3_navigation2:/home/parker/turtlebot3_ws/install/turtlebot3_fake_node:/home/parker/turtlebot3_ws/install/turtlebot3_msgs:/home/parker/turtlebot3_ws/install/turtlebot3_manipulation:/home/parker/turtlebot3_ws/install/turtlebot3_manipulation_teleop:/home/parker/turtlebot3_ws/install/turtlebot3_manipulation_navigation2:/home/parker/turtlebot3_ws/install/turtlebot3_manipulation_moveit_config:/home/parker/turtlebot3_ws/install/turtlebot3_manipulation_hardware:/home/parker/turtlebot3_ws/install/turtlebot3_manipulation_bringup:/home/parker/turtlebot3_ws/install/turtlebot3_manipulation_cartographer:/home/parker/turtlebot3_ws/install/turtlebot3_gazebo:/home/parker/turtlebot3_ws/install/turtlebot3_description:/home/parker/turtlebot3_ws/install/turtlebot3_cartographer:/home/parker/turtlebot3_ws/install/dynamixel_sdk_examples:/home/parker/turtlebot3_ws/install/dynamixel_sdk_custom_interfaces:/home/parker/turtlebot3_ws/install/dynamixel_sdk:/home/parker/turtlebot3_ws/install/turtlebot3_teleop:/home/parker/turtlebot3_ws/install/turtlebot3_example:/opt/ros/foxy /usr/bin/cmake --build /home/parker/turtlebot3_ws/build/turtlebot3_manipulation_moveit_config -- -j4 -l4
[0.281s] -- Found ament_cmake: 0.9.11 (/opt/ros/foxy/share/ament_cmake/cmake)
[0.381s] -- Using PYTHON_EXECUTABLE: /usr/bin/python3
[1.103s] -- Override CMake install command with custom implementation using symlinks instead of copying resources
[1.378s] -- Configuring done
[1.385s] -- Generating done
[1.386s] -- Build files have been written to: /home/parker/turtlebot3_ws/build/turtlebot3_manipulation_moveit_config
[1.447s] Invoked command in '/home/parker/turtlebot3_ws/build/turtlebot3_manipulation_moveit_config' returned '0': CMAKE_PREFIX_PATH=/home/parker/turtlebot3_ws/install/turtlebot3_manipulation_description:/home/parker/turtlebot3_ws/install/turtlebot3:/home/parker/turtlebot3_ws/install/turtlebot3_simulations:/home/parker/turtlebot3_ws/install/turtlebot3_bringup:/home/parker/turtlebot3_ws/install/turtlebot3_node:/home/parker/turtlebot3_ws/install/turtlebot3_navigation2:/home/parker/turtlebot3_ws/install/turtlebot3_fake_node:/home/parker/turtlebot3_ws/install/turtlebot3_msgs:/home/parker/turtlebot3_ws/install/turtlebot3_manipulation:/home/parker/turtlebot3_ws/install/turtlebot3_manipulation_teleop:/home/parker/turtlebot3_ws/install/turtlebot3_manipulation_navigation2:/home/parker/turtlebot3_ws/install/turtlebot3_manipulation_moveit_config:/home/parker/turtlebot3_ws/install/turtlebot3_manipulation_hardware:/home/parker/turtlebot3_ws/install/turtlebot3_manipulation_bringup:/home/parker/turtlebot3_ws/install/turtlebot3_manipulation_cartographer:/home/parker/turtlebot3_ws/install/turtlebot3_gazebo:/home/parker/turtlebot3_ws/install/turtlebot3_description:/home/parker/turtlebot3_ws/install/turtlebot3_cartographer:/home/parker/turtlebot3_ws/install/dynamixel_sdk_examples:/home/parker/turtlebot3_ws/install/dynamixel_sdk_custom_interfaces:/home/parker/turtlebot3_ws/install/dynamixel_sdk:/home/parker/turtlebot3_ws/install/turtlebot3_teleop:/home/parker/turtlebot3_ws/install/turtlebot3_example:/opt/ros/foxy /usr/bin/cmake --build /home/parker/turtlebot3_ws/build/turtlebot3_manipulation_moveit_config -- -j4 -l4
[1.523s] Invoking command in '/home/parker/turtlebot3_ws/build/turtlebot3_manipulation_moveit_config': CMAKE_PREFIX_PATH=/home/parker/turtlebot3_ws/install/turtlebot3_manipulation_description:/home/parker/turtlebot3_ws/install/turtlebot3:/home/parker/turtlebot3_ws/install/turtlebot3_simulations:/home/parker/turtlebot3_ws/install/turtlebot3_bringup:/home/parker/turtlebot3_ws/install/turtlebot3_node:/home/parker/turtlebot3_ws/install/turtlebot3_navigation2:/home/parker/turtlebot3_ws/install/turtlebot3_fake_node:/home/parker/turtlebot3_ws/install/turtlebot3_msgs:/home/parker/turtlebot3_ws/install/turtlebot3_manipulation:/home/parker/turtlebot3_ws/install/turtlebot3_manipulation_teleop:/home/parker/turtlebot3_ws/install/turtlebot3_manipulation_navigation2:/home/parker/turtlebot3_ws/install/turtlebot3_manipulation_moveit_config:/home/parker/turtlebot3_ws/install/turtlebot3_manipulation_hardware:/home/parker/turtlebot3_ws/install/turtlebot3_manipulation_bringup:/home/parker/turtlebot3_ws/install/turtlebot3_manipulation_cartographer:/home/parker/turtlebot3_ws/install/turtlebot3_gazebo:/home/parker/turtlebot3_ws/install/turtlebot3_description:/home/parker/turtlebot3_ws/install/turtlebot3_cartographer:/home/parker/turtlebot3_ws/install/dynamixel_sdk_examples:/home/parker/turtlebot3_ws/install/dynamixel_sdk_custom_interfaces:/home/parker/turtlebot3_ws/install/dynamixel_sdk:/home/parker/turtlebot3_ws/install/turtlebot3_teleop:/home/parker/turtlebot3_ws/install/turtlebot3_example:/opt/ros/foxy /usr/bin/cmake --install /home/parker/turtlebot3_ws/build/turtlebot3_manipulation_moveit_config
[1.561s] -- Install configuration: ""
[1.566s] -- Execute custom install script
[1.567s] -- Up-to-date symlink: /home/parker/turtlebot3_ws/install/turtlebot3_manipulation_moveit_config/share/ament_index/resource_index/package_run_dependencies/turtlebot3_manipulation_moveit_config
[1.567s] -- Up-to-date symlink: /home/parker/turtlebot3_ws/install/turtlebot3_manipulation_moveit_config/share/ament_index/resource_index/parent_prefix_path/turtlebot3_manipulation_moveit_config
[1.568s] -- Up-to-date symlink: /home/parker/turtlebot3_ws/install/turtlebot3_manipulation_moveit_config/share/turtlebot3_manipulation_moveit_config/environment/ament_prefix_path.sh
[1.568s] -- Up-to-date symlink: /home/parker/turtlebot3_ws/install/turtlebot3_manipulation_moveit_config/share/turtlebot3_manipulation_moveit_config/environment/ament_prefix_path.dsv
[1.569s] -- Up-to-date symlink: /home/parker/turtlebot3_ws/install/turtlebot3_manipulation_moveit_config/share/turtlebot3_manipulation_moveit_config/environment/path.sh
[1.571s] -- Up-to-date symlink: /home/parker/turtlebot3_ws/install/turtlebot3_manipulation_moveit_config/share/turtlebot3_manipulation_moveit_config/environment/path.dsv
[1.571s] -- Up-to-date symlink: /home/parker/turtlebot3_ws/install/turtlebot3_manipulation_moveit_config/share/turtlebot3_manipulation_moveit_config/local_setup.bash
[1.572s] -- Up-to-date symlink: /home/parker/turtlebot3_ws/install/turtlebot3_manipulation_moveit_config/share/turtlebot3_manipulation_moveit_config/local_setup.sh
[1.585s] -- Up-to-date symlink: /home/parker/turtlebot3_ws/install/turtlebot3_manipulation_moveit_config/share/turtlebot3_manipulation_moveit_config/local_setup.zsh
[1.585s] -- Up-to-date symlink: /home/parker/turtlebot3_ws/install/turtlebot3_manipulation_moveit_config/share/turtlebot3_manipulation_moveit_config/local_setup.dsv
[1.586s] -- Symlinking: /home/parker/turtlebot3_ws/install/turtlebot3_manipulation_moveit_config/share/turtlebot3_manipulation_moveit_config/package.dsv
[1.616s] -- Up-to-date symlink: /home/parker/turtlebot3_ws/install/turtlebot3_manipulation_moveit_config/share/ament_index/resource_index/packages/turtlebot3_manipulation_moveit_config
[1.617s] -- Up-to-date symlink: /home/parker/turtlebot3_ws/install/turtlebot3_manipulation_moveit_config/share/turtlebot3_manipulation_moveit_config/cmake/turtlebot3_manipulation_moveit_configConfig.cmake
[1.617s] -- Up-to-date symlink: /home/parker/turtlebot3_ws/install/turtlebot3_manipulation_moveit_config/share/turtlebot3_manipulation_moveit_config/cmake/turtlebot3_manipulation_moveit_configConfig-version.cmake
[1.624s] -- Up-to-date symlink: /home/parker/turtlebot3_ws/install/turtlebot3_manipulation_moveit_config/share/turtlebot3_manipulation_moveit_config/package.xml
[1.626s] -- Up-to-date symlink: /home/parker/turtlebot3_ws/install/turtlebot3_manipulation_moveit_config/share/turtlebot3_manipulation_moveit_config/launch/move_group.launch.py
[1.631s] -- Up-to-date symlink: /home/parker/turtlebot3_ws/install/turtlebot3_manipulation_moveit_config/share/turtlebot3_manipulation_moveit_config/launch/moveit_core.launch.py
[1.639s] -- Up-to-date symlink: /home/parker/turtlebot3_ws/install/turtlebot3_manipulation_moveit_config/share/turtlebot3_manipulation_moveit_config/launch/moveit_fake.launch.py
[1.639s] -- Up-to-date symlink: /home/parker/turtlebot3_ws/install/turtlebot3_manipulation_moveit_config/share/turtlebot3_manipulation_moveit_config/launch/moveit_gazebo.launch.py
[1.641s] -- Up-to-date symlink: /home/parker/turtlebot3_ws/install/turtlebot3_manipulation_moveit_config/share/turtlebot3_manipulation_moveit_config/launch/moveit_rviz.launch.py
[1.644s] -- Up-to-date symlink: /home/parker/turtlebot3_ws/install/turtlebot3_manipulation_moveit_config/share/turtlebot3_manipulation_moveit_config/launch/rsp.launch.py
[1.645s] -- Up-to-date symlink: /home/parker/turtlebot3_ws/install/turtlebot3_manipulation_moveit_config/share/turtlebot3_manipulation_moveit_config/launch/servo.launch.py
[1.645s] -- Up-to-date symlink: /home/parker/turtlebot3_ws/install/turtlebot3_manipulation_moveit_config/share/turtlebot3_manipulation_moveit_config/launch/spawn_controllers.launch.py
[1.645s] -- Up-to-date symlink: /home/parker/turtlebot3_ws/install/turtlebot3_manipulation_moveit_config/share/turtlebot3_manipulation_moveit_config/launch/static_virtual_joint_tfs.launch.py
[1.645s] -- Up-to-date symlink: /home/parker/turtlebot3_ws/install/turtlebot3_manipulation_moveit_config/share/turtlebot3_manipulation_moveit_config/launch/warehouse_db.launch.py
[1.646s] -- Up-to-date symlink: /home/parker/turtlebot3_ws/install/turtlebot3_manipulation_moveit_config/share/turtlebot3_manipulation_moveit_config/config/initial_positions.yaml
[1.646s] -- Up-to-date symlink: /home/parker/turtlebot3_ws/install/turtlebot3_manipulation_moveit_config/share/turtlebot3_manipulation_moveit_config/config/joint_limits.yaml
[1.646s] -- Up-to-date symlink: /home/parker/turtlebot3_ws/install/turtlebot3_manipulation_moveit_config/share/turtlebot3_manipulation_moveit_config/config/kinematics.yaml
[1.647s] -- Up-to-date symlink: /home/parker/turtlebot3_ws/install/turtlebot3_manipulation_moveit_config/share/turtlebot3_manipulation_moveit_config/config/moveit.rviz
[1.647s] -- Up-to-date symlink: /home/parker/turtlebot3_ws/install/turtlebot3_manipulation_moveit_config/share/turtlebot3_manipulation_moveit_config/config/moveit_controllers.yaml
[1.650s] -- Up-to-date symlink: /home/parker/turtlebot3_ws/install/turtlebot3_manipulation_moveit_config/share/turtlebot3_manipulation_moveit_config/config/moveit_servo.yaml
[1.651s] -- Up-to-date symlink: /home/parker/turtlebot3_ws/install/turtlebot3_manipulation_moveit_config/share/turtlebot3_manipulation_moveit_config/config/moveit_teleop.rviz
[1.651s] -- Up-to-date symlink: /home/parker/turtlebot3_ws/install/turtlebot3_manipulation_moveit_config/share/turtlebot3_manipulation_moveit_config/config/ompl_planning.yaml
[1.651s] -- Up-to-date symlink: /home/parker/turtlebot3_ws/install/turtlebot3_manipulation_moveit_config/share/turtlebot3_manipulation_moveit_config/config/turtlebot3_manipulation.srdf
[1.657s] -- Up-to-date symlink: /home/parker/turtlebot3_ws/install/turtlebot3_manipulation_moveit_config/share/turtlebot3_manipulation_moveit_config/.setup_assistant
[2.063s] Invoked command in '/home/parker/turtlebot3_ws/build/turtlebot3_manipulation_moveit_config' returned '0': CMAKE_PREFIX_PATH=/home/parker/turtlebot3_ws/install/turtlebot3_manipulation_description:/home/parker/turtlebot3_ws/install/turtlebot3:/home/parker/turtlebot3_ws/install/turtlebot3_simulations:/home/parker/turtlebot3_ws/install/turtlebot3_bringup:/home/parker/turtlebot3_ws/install/turtlebot3_node:/home/parker/turtlebot3_ws/install/turtlebot3_navigation2:/home/parker/turtlebot3_ws/install/turtlebot3_fake_node:/home/parker/turtlebot3_ws/install/turtlebot3_msgs:/home/parker/turtlebot3_ws/install/turtlebot3_manipulation:/home/parker/turtlebot3_ws/install/turtlebot3_manipulation_teleop:/home/parker/turtlebot3_ws/install/turtlebot3_manipulation_navigation2:/home/parker/turtlebot3_ws/install/turtlebot3_manipulation_moveit_config:/home/parker/turtlebot3_ws/install/turtlebot3_manipulation_hardware:/home/parker/turtlebot3_ws/install/turtlebot3_manipulation_bringup:/home/parker/turtlebot3_ws/install/turtlebot3_manipulation_cartographer:/home/parker/turtlebot3_ws/install/turtlebot3_gazebo:/home/parker/turtlebot3_ws/install/turtlebot3_description:/home/parker/turtlebot3_ws/install/turtlebot3_cartographer:/home/parker/turtlebot3_ws/install/dynamixel_sdk_examples:/home/parker/turtlebot3_ws/install/dynamixel_sdk_custom_interfaces:/home/parker/turtlebot3_ws/install/dynamixel_sdk:/home/parker/turtlebot3_ws/install/turtlebot3_teleop:/home/parker/turtlebot3_ws/install/turtlebot3_example:/opt/ros/foxy /usr/bin/cmake --install /home/parker/turtlebot3_ws/build/turtlebot3_manipulation_moveit_config
