[0.045s] Invoking command in '/home/parker/turtlebot3_ws/build/dynamixel_sdk_custom_interfaces': CMAKE_PREFIX_PATH=${CMAKE_PREFIX_PATH}:/home/parker/turtlebot3_ws/install/turtlebot3_teleop:/home/parker/turtlebot3_ws/install/turtlebot3_example:/opt/ros/foxy /usr/bin/cmake --build /home/parker/turtlebot3_ws/build/dynamixel_sdk_custom_interfaces -- -j4 -l4
[0.186s] [  2%] Built target dynamixel_sdk_custom_interfaces__cpp
[0.187s] [ 12%] Built target dynamixel_sdk_custom_interfaces__rosidl_generator_c
[0.247s] [ 23%] Built target dynamixel_sdk_custom_interfaces__rosidl_typesupport_fastrtps_cpp
[0.250s] [ 33%] Built target dynamixel_sdk_custom_interfaces__rosidl_typesupport_cpp
[0.270s] [ 43%] Built target dynamixel_sdk_custom_interfaces__rosidl_typesupport_c
[0.274s] [ 53%] Built target dynamixel_sdk_custom_interfaces__rosidl_typesupport_introspection_cpp
[0.313s] [ 64%] Built target dynamixel_sdk_custom_interfaces__rosidl_typesupport_fastrtps_c
[0.318s] [ 74%] Built target dynamixel_sdk_custom_interfaces__rosidl_typesupport_introspection_c
[0.355s] [ 74%] Built target dynamixel_sdk_custom_interfaces
[0.397s] [ 76%] Built target dynamixel_sdk_custom_interfaces__py
[0.463s] [ 84%] Built target dynamixel_sdk_custom_interfaces__python
[0.526s] [ 89%] Built target dynamixel_sdk_custom_interfaces__rosidl_typesupport_c__pyext
[0.557s] [ 94%] Built target dynamixel_sdk_custom_interfaces__rosidl_typesupport_introspection_c__pyext
[0.580s] [100%] Built target dynamixel_sdk_custom_interfaces__rosidl_typesupport_fastrtps_c__pyext
[0.639s] Invoked command in '/home/parker/turtlebot3_ws/build/dynamixel_sdk_custom_interfaces' returned '0': CMAKE_PREFIX_PATH=${CMAKE_PREFIX_PATH}:/home/parker/turtlebot3_ws/install/turtlebot3_teleop:/home/parker/turtlebot3_ws/install/turtlebot3_example:/opt/ros/foxy /usr/bin/cmake --build /home/parker/turtlebot3_ws/build/dynamixel_sdk_custom_interfaces -- -j4 -l4
[0.823s] Invoking command in '/home/parker/turtlebot3_ws/build/dynamixel_sdk_custom_interfaces': CMAKE_PREFIX_PATH=${CMAKE_PREFIX_PATH}:/home/parker/turtlebot3_ws/install/turtlebot3_teleop:/home/parker/turtlebot3_ws/install/turtlebot3_example:/opt/ros/foxy /usr/bin/cmake --install /home/parker/turtlebot3_ws/build/dynamixel_sdk_custom_interfaces
[0.861s] -- Install configuration: ""
[0.863s] -- Execute custom install script
[0.867s] -- Up-to-date symlink: /home/parker/turtlebot3_ws/install/dynamixel_sdk_custom_interfaces/share/ament_index/resource_index/rosidl_interfaces/dynamixel_sdk_custom_interfaces
[0.874s] -- Up-to-date symlink: /home/parker/turtlebot3_ws/install/dynamixel_sdk_custom_interfaces/include/dynamixel_sdk_custom_interfaces/msg/detail/set_position__functions.h
[0.875s] -- Up-to-date symlink: /home/parker/turtlebot3_ws/install/dynamixel_sdk_custom_interfaces/include/dynamixel_sdk_custom_interfaces/msg/detail/set_position__struct.h
[0.875s] -- Up-to-date symlink: /home/parker/turtlebot3_ws/install/dynamixel_sdk_custom_interfaces/include/dynamixel_sdk_custom_interfaces/msg/detail/set_position__type_support.h
[0.876s] -- Up-to-date symlink: /home/parker/turtlebot3_ws/install/dynamixel_sdk_custom_interfaces/include/dynamixel_sdk_custom_interfaces/msg/rosidl_generator_c__visibility_control.h
[0.876s] -- Up-to-date symlink: /home/parker/turtlebot3_ws/install/dynamixel_sdk_custom_interfaces/include/dynamixel_sdk_custom_interfaces/msg/set_position.h
[0.877s] -- Up-to-date symlink: /home/parker/turtlebot3_ws/install/dynamixel_sdk_custom_interfaces/include/dynamixel_sdk_custom_interfaces/srv/detail/get_position__functions.h
[0.877s] -- Up-to-date symlink: /home/parker/turtlebot3_ws/install/dynamixel_sdk_custom_interfaces/include/dynamixel_sdk_custom_interfaces/srv/detail/get_position__struct.h
[0.877s] -- Up-to-date symlink: /home/parker/turtlebot3_ws/install/dynamixel_sdk_custom_interfaces/include/dynamixel_sdk_custom_interfaces/srv/detail/get_position__type_support.h
[0.877s] -- Up-to-date symlink: /home/parker/turtlebot3_ws/install/dynamixel_sdk_custom_interfaces/include/dynamixel_sdk_custom_interfaces/srv/get_position.h
[0.878s] -- Up-to-date symlink: /home/parker/turtlebot3_ws/install/dynamixel_sdk_custom_interfaces/share/dynamixel_sdk_custom_interfaces/environment/library_path.sh
[0.879s] -- Up-to-date symlink: /home/parker/turtlebot3_ws/install/dynamixel_sdk_custom_interfaces/share/dynamixel_sdk_custom_interfaces/environment/library_path.dsv
[0.882s] -- Up-to-date symlink: /home/parker/turtlebot3_ws/install/dynamixel_sdk_custom_interfaces/include/dynamixel_sdk_custom_interfaces/msg/detail/set_position__rosidl_typesupport_fastrtps_c.h
[0.883s] -- Up-to-date symlink: /home/parker/turtlebot3_ws/install/dynamixel_sdk_custom_interfaces/include/dynamixel_sdk_custom_interfaces/msg/rosidl_typesupport_fastrtps_c__visibility_control.h
[0.884s] -- Up-to-date symlink: /home/parker/turtlebot3_ws/install/dynamixel_sdk_custom_interfaces/include/dynamixel_sdk_custom_interfaces/srv/detail/get_position__rosidl_typesupport_fastrtps_c.h
[0.884s] -- Up-to-date symlink: /home/parker/turtlebot3_ws/install/dynamixel_sdk_custom_interfaces/lib/libdynamixel_sdk_custom_interfaces__rosidl_typesupport_fastrtps_c.so
[0.885s] -- Up-to-date symlink: /home/parker/turtlebot3_ws/install/dynamixel_sdk_custom_interfaces/include/dynamixel_sdk_custom_interfaces/msg/detail/set_position__rosidl_typesupport_fastrtps_cpp.hpp
[0.886s] -- Up-to-date symlink: /home/parker/turtlebot3_ws/install/dynamixel_sdk_custom_interfaces/include/dynamixel_sdk_custom_interfaces/msg/rosidl_typesupport_fastrtps_cpp__visibility_control.h
[0.887s] -- Up-to-date symlink: /home/parker/turtlebot3_ws/install/dynamixel_sdk_custom_interfaces/include/dynamixel_sdk_custom_interfaces/srv/detail/get_position__rosidl_typesupport_fastrtps_cpp.hpp
[0.887s] -- Up-to-date symlink: /home/parker/turtlebot3_ws/install/dynamixel_sdk_custom_interfaces/lib/libdynamixel_sdk_custom_interfaces__rosidl_typesupport_fastrtps_cpp.so
[0.890s] -- Up-to-date symlink: /home/parker/turtlebot3_ws/install/dynamixel_sdk_custom_interfaces/include/dynamixel_sdk_custom_interfaces/msg/detail/set_position__rosidl_typesupport_introspection_c.h
[0.891s] -- Up-to-date symlink: /home/parker/turtlebot3_ws/install/dynamixel_sdk_custom_interfaces/include/dynamixel_sdk_custom_interfaces/msg/rosidl_typesupport_introspection_c__visibility_control.h
[0.894s] -- Up-to-date symlink: /home/parker/turtlebot3_ws/install/dynamixel_sdk_custom_interfaces/include/dynamixel_sdk_custom_interfaces/srv/detail/get_position__rosidl_typesupport_introspection_c.h
[0.894s] -- Up-to-date symlink: /home/parker/turtlebot3_ws/install/dynamixel_sdk_custom_interfaces/include/dynamixel_sdk_custom_interfaces/msg/detail/set_position__builder.hpp
[0.895s] -- Up-to-date symlink: /home/parker/turtlebot3_ws/install/dynamixel_sdk_custom_interfaces/include/dynamixel_sdk_custom_interfaces/msg/detail/set_position__struct.hpp
[0.896s] -- Up-to-date symlink: /home/parker/turtlebot3_ws/install/dynamixel_sdk_custom_interfaces/include/dynamixel_sdk_custom_interfaces/msg/detail/set_position__traits.hpp
[0.896s] -- Up-to-date symlink: /home/parker/turtlebot3_ws/install/dynamixel_sdk_custom_interfaces/include/dynamixel_sdk_custom_interfaces/msg/set_position.hpp
[0.900s] -- Up-to-date symlink: /home/parker/turtlebot3_ws/install/dynamixel_sdk_custom_interfaces/include/dynamixel_sdk_custom_interfaces/srv/detail/get_position__builder.hpp
[0.900s] -- Up-to-date symlink: /home/parker/turtlebot3_ws/install/dynamixel_sdk_custom_interfaces/include/dynamixel_sdk_custom_interfaces/srv/detail/get_position__struct.hpp
[0.900s] -- Up-to-date symlink: /home/parker/turtlebot3_ws/install/dynamixel_sdk_custom_interfaces/include/dynamixel_sdk_custom_interfaces/srv/detail/get_position__traits.hpp
[0.901s] -- Up-to-date symlink: /home/parker/turtlebot3_ws/install/dynamixel_sdk_custom_interfaces/include/dynamixel_sdk_custom_interfaces/srv/get_position.hpp
[0.901s] -- Up-to-date symlink: /home/parker/turtlebot3_ws/install/dynamixel_sdk_custom_interfaces/include/dynamixel_sdk_custom_interfaces/msg/detail/set_position__rosidl_typesupport_introspection_cpp.hpp
[0.901s] -- Up-to-date symlink: /home/parker/turtlebot3_ws/install/dynamixel_sdk_custom_interfaces/include/dynamixel_sdk_custom_interfaces/srv/detail/get_position__rosidl_typesupport_introspection_cpp.hpp
[0.902s] -- Up-to-date symlink: /home/parker/turtlebot3_ws/install/dynamixel_sdk_custom_interfaces/share/dynamixel_sdk_custom_interfaces/environment/pythonpath.sh
[0.904s] -- Up-to-date symlink: /home/parker/turtlebot3_ws/install/dynamixel_sdk_custom_interfaces/share/dynamixel_sdk_custom_interfaces/environment/pythonpath.dsv
[0.905s] -- Up-to-date symlink: /home/parker/turtlebot3_ws/install/dynamixel_sdk_custom_interfaces/lib/python3.8/site-packages/dynamixel_sdk_custom_interfaces/__init__.py
[0.906s] -- Up-to-date symlink: /home/parker/turtlebot3_ws/install/dynamixel_sdk_custom_interfaces/lib/python3.8/site-packages/dynamixel_sdk_custom_interfaces/msg/__init__.py
[0.906s] -- Up-to-date symlink: /home/parker/turtlebot3_ws/install/dynamixel_sdk_custom_interfaces/lib/python3.8/site-packages/dynamixel_sdk_custom_interfaces/msg/_set_position.py
[0.906s] -- Up-to-date symlink: /home/parker/turtlebot3_ws/install/dynamixel_sdk_custom_interfaces/lib/python3.8/site-packages/dynamixel_sdk_custom_interfaces/srv/__init__.py
[0.907s] -- Up-to-date symlink: /home/parker/turtlebot3_ws/install/dynamixel_sdk_custom_interfaces/lib/python3.8/site-packages/dynamixel_sdk_custom_interfaces/srv/_get_position.py
[0.907s] -- Up-to-date symlink: /home/parker/turtlebot3_ws/install/dynamixel_sdk_custom_interfaces/lib/python3.8/site-packages/dynamixel_sdk_custom_interfaces/dynamixel_sdk_custom_interfaces_s__rosidl_typesupport_fastrtps_c.cpython-38-x86_64-linux-gnu.so
[0.908s] -- Up-to-date symlink: /home/parker/turtlebot3_ws/install/dynamixel_sdk_custom_interfaces/lib/python3.8/site-packages/dynamixel_sdk_custom_interfaces/dynamixel_sdk_custom_interfaces_s__rosidl_typesupport_introspection_c.cpython-38-x86_64-linux-gnu.so
[0.908s] -- Up-to-date symlink: /home/parker/turtlebot3_ws/install/dynamixel_sdk_custom_interfaces/lib/python3.8/site-packages/dynamixel_sdk_custom_interfaces/dynamixel_sdk_custom_interfaces_s__rosidl_typesupport_c.cpython-38-x86_64-linux-gnu.so
[0.913s] -- Up-to-date symlink: /home/parker/turtlebot3_ws/install/dynamixel_sdk_custom_interfaces/lib/libdynamixel_sdk_custom_interfaces__python.so
[0.916s] -- Up-to-date symlink: /home/parker/turtlebot3_ws/install/dynamixel_sdk_custom_interfaces/share/dynamixel_sdk_custom_interfaces/msg/SetPosition.idl
[0.917s] -- Up-to-date symlink: /home/parker/turtlebot3_ws/install/dynamixel_sdk_custom_interfaces/share/dynamixel_sdk_custom_interfaces/srv/GetPosition.idl
[0.917s] -- Up-to-date symlink: /home/parker/turtlebot3_ws/install/dynamixel_sdk_custom_interfaces/share/dynamixel_sdk_custom_interfaces/msg/SetPosition.msg
[0.917s] -- Up-to-date symlink: /home/parker/turtlebot3_ws/install/dynamixel_sdk_custom_interfaces/share/dynamixel_sdk_custom_interfaces/srv/GetPosition.srv
[0.917s] -- Up-to-date symlink: /home/parker/turtlebot3_ws/install/dynamixel_sdk_custom_interfaces/share/dynamixel_sdk_custom_interfaces/srv/GetPosition_Request.msg
[0.919s] -- Up-to-date symlink: /home/parker/turtlebot3_ws/install/dynamixel_sdk_custom_interfaces/share/dynamixel_sdk_custom_interfaces/srv/GetPosition_Response.msg
[0.919s] -- Up-to-date symlink: /home/parker/turtlebot3_ws/install/dynamixel_sdk_custom_interfaces/share/ament_index/resource_index/package_run_dependencies/dynamixel_sdk_custom_interfaces
[0.919s] -- Up-to-date symlink: /home/parker/turtlebot3_ws/install/dynamixel_sdk_custom_interfaces/share/ament_index/resource_index/parent_prefix_path/dynamixel_sdk_custom_interfaces
[0.920s] -- Up-to-date symlink: /home/parker/turtlebot3_ws/install/dynamixel_sdk_custom_interfaces/share/dynamixel_sdk_custom_interfaces/environment/ament_prefix_path.sh
[0.920s] -- Up-to-date symlink: /home/parker/turtlebot3_ws/install/dynamixel_sdk_custom_interfaces/share/dynamixel_sdk_custom_interfaces/environment/ament_prefix_path.dsv
[0.920s] -- Up-to-date symlink: /home/parker/turtlebot3_ws/install/dynamixel_sdk_custom_interfaces/share/dynamixel_sdk_custom_interfaces/environment/path.sh
[0.921s] -- Up-to-date symlink: /home/parker/turtlebot3_ws/install/dynamixel_sdk_custom_interfaces/share/dynamixel_sdk_custom_interfaces/environment/path.dsv
[0.921s] -- Up-to-date symlink: /home/parker/turtlebot3_ws/install/dynamixel_sdk_custom_interfaces/share/dynamixel_sdk_custom_interfaces/local_setup.bash
[0.922s] -- Up-to-date symlink: /home/parker/turtlebot3_ws/install/dynamixel_sdk_custom_interfaces/share/dynamixel_sdk_custom_interfaces/local_setup.sh
[0.922s] -- Up-to-date symlink: /home/parker/turtlebot3_ws/install/dynamixel_sdk_custom_interfaces/share/dynamixel_sdk_custom_interfaces/local_setup.zsh
[0.923s] -- Up-to-date symlink: /home/parker/turtlebot3_ws/install/dynamixel_sdk_custom_interfaces/share/dynamixel_sdk_custom_interfaces/local_setup.dsv
[0.923s] -- Symlinking: /home/parker/turtlebot3_ws/install/dynamixel_sdk_custom_interfaces/share/dynamixel_sdk_custom_interfaces/package.dsv
[0.947s] -- Up-to-date symlink: /home/parker/turtlebot3_ws/install/dynamixel_sdk_custom_interfaces/share/ament_index/resource_index/packages/dynamixel_sdk_custom_interfaces
[0.947s] -- Up-to-date symlink: /home/parker/turtlebot3_ws/install/dynamixel_sdk_custom_interfaces/share/dynamixel_sdk_custom_interfaces/cmake/rosidl_cmake-extras.cmake
[0.948s] -- Up-to-date symlink: /home/parker/turtlebot3_ws/install/dynamixel_sdk_custom_interfaces/share/dynamixel_sdk_custom_interfaces/cmake/ament_cmake_export_dependencies-extras.cmake
[0.948s] -- Up-to-date symlink: /home/parker/turtlebot3_ws/install/dynamixel_sdk_custom_interfaces/share/dynamixel_sdk_custom_interfaces/cmake/ament_cmake_export_libraries-extras.cmake
[0.948s] -- Up-to-date symlink: /home/parker/turtlebot3_ws/install/dynamixel_sdk_custom_interfaces/share/dynamixel_sdk_custom_interfaces/cmake/ament_cmake_export_targets-extras.cmake
[0.948s] -- Up-to-date symlink: /home/parker/turtlebot3_ws/install/dynamixel_sdk_custom_interfaces/share/dynamixel_sdk_custom_interfaces/cmake/ament_cmake_export_include_directories-extras.cmake
[0.949s] -- Up-to-date symlink: /home/parker/turtlebot3_ws/install/dynamixel_sdk_custom_interfaces/share/dynamixel_sdk_custom_interfaces/cmake/rosidl_cmake_export_typesupport_libraries-extras.cmake
[0.950s] -- Up-to-date symlink: /home/parker/turtlebot3_ws/install/dynamixel_sdk_custom_interfaces/share/dynamixel_sdk_custom_interfaces/cmake/rosidl_cmake_export_typesupport_targets-extras.cmake
[0.956s] -- Up-to-date symlink: /home/parker/turtlebot3_ws/install/dynamixel_sdk_custom_interfaces/share/dynamixel_sdk_custom_interfaces/cmake/dynamixel_sdk_custom_interfacesConfig.cmake
[0.956s] -- Up-to-date symlink: /home/parker/turtlebot3_ws/install/dynamixel_sdk_custom_interfaces/share/dynamixel_sdk_custom_interfaces/cmake/dynamixel_sdk_custom_interfacesConfig-version.cmake
[0.957s] -- Up-to-date symlink: /home/parker/turtlebot3_ws/install/dynamixel_sdk_custom_interfaces/share/dynamixel_sdk_custom_interfaces/package.xml
[0.958s] -- Up-to-date: /home/parker/turtlebot3_ws/install/dynamixel_sdk_custom_interfaces/lib/libdynamixel_sdk_custom_interfaces__rosidl_generator_c.so
[0.958s] -- Up-to-date: /home/parker/turtlebot3_ws/install/dynamixel_sdk_custom_interfaces/lib/libdynamixel_sdk_custom_interfaces__rosidl_typesupport_introspection_c.so
[0.959s] -- Up-to-date: /home/parker/turtlebot3_ws/install/dynamixel_sdk_custom_interfaces/lib/libdynamixel_sdk_custom_interfaces__rosidl_typesupport_c.so
[0.960s] -- Up-to-date: /home/parker/turtlebot3_ws/install/dynamixel_sdk_custom_interfaces/lib/libdynamixel_sdk_custom_interfaces__rosidl_typesupport_introspection_cpp.so
[0.961s] -- Up-to-date: /home/parker/turtlebot3_ws/install/dynamixel_sdk_custom_interfaces/lib/libdynamixel_sdk_custom_interfaces__rosidl_typesupport_cpp.so
[1.033s] -- Up-to-date: /home/parker/turtlebot3_ws/install/dynamixel_sdk_custom_interfaces/share/dynamixel_sdk_custom_interfaces/cmake/dynamixel_sdk_custom_interfaces__rosidl_generator_cExport.cmake
[1.033s] -- Up-to-date: /home/parker/turtlebot3_ws/install/dynamixel_sdk_custom_interfaces/share/dynamixel_sdk_custom_interfaces/cmake/dynamixel_sdk_custom_interfaces__rosidl_generator_cExport-noconfig.cmake
[1.033s] -- Up-to-date: /home/parker/turtlebot3_ws/install/dynamixel_sdk_custom_interfaces/share/dynamixel_sdk_custom_interfaces/cmake/dynamixel_sdk_custom_interfaces__rosidl_typesupport_introspection_cExport.cmake
[1.033s] -- Up-to-date: /home/parker/turtlebot3_ws/install/dynamixel_sdk_custom_interfaces/share/dynamixel_sdk_custom_interfaces/cmake/dynamixel_sdk_custom_interfaces__rosidl_typesupport_introspection_cExport-noconfig.cmake
[1.033s] -- Up-to-date: /home/parker/turtlebot3_ws/install/dynamixel_sdk_custom_interfaces/share/dynamixel_sdk_custom_interfaces/cmake/dynamixel_sdk_custom_interfaces__rosidl_typesupport_cExport.cmake
[1.034s] -- Up-to-date: /home/parker/turtlebot3_ws/install/dynamixel_sdk_custom_interfaces/share/dynamixel_sdk_custom_interfaces/cmake/dynamixel_sdk_custom_interfaces__rosidl_typesupport_cExport-noconfig.cmake
[1.034s] -- Up-to-date: /home/parker/turtlebot3_ws/install/dynamixel_sdk_custom_interfaces/share/dynamixel_sdk_custom_interfaces/cmake/dynamixel_sdk_custom_interfaces__rosidl_generator_cppExport.cmake
[1.034s] -- Up-to-date: /home/parker/turtlebot3_ws/install/dynamixel_sdk_custom_interfaces/share/dynamixel_sdk_custom_interfaces/cmake/dynamixel_sdk_custom_interfaces__rosidl_typesupport_introspection_cppExport.cmake
[1.034s] -- Up-to-date: /home/parker/turtlebot3_ws/install/dynamixel_sdk_custom_interfaces/share/dynamixel_sdk_custom_interfaces/cmake/dynamixel_sdk_custom_interfaces__rosidl_typesupport_introspection_cppExport-noconfig.cmake
[1.034s] -- Up-to-date: /home/parker/turtlebot3_ws/install/dynamixel_sdk_custom_interfaces/share/dynamixel_sdk_custom_interfaces/cmake/dynamixel_sdk_custom_interfaces__rosidl_typesupport_cppExport.cmake
[1.034s] -- Up-to-date: /home/parker/turtlebot3_ws/install/dynamixel_sdk_custom_interfaces/share/dynamixel_sdk_custom_interfaces/cmake/dynamixel_sdk_custom_interfaces__rosidl_typesupport_cppExport-noconfig.cmake
[1.076s] Invoked command in '/home/parker/turtlebot3_ws/build/dynamixel_sdk_custom_interfaces' returned '0': CMAKE_PREFIX_PATH=${CMAKE_PREFIX_PATH}:/home/parker/turtlebot3_ws/install/turtlebot3_teleop:/home/parker/turtlebot3_ws/install/turtlebot3_example:/opt/ros/foxy /usr/bin/cmake --install /home/parker/turtlebot3_ws/build/dynamixel_sdk_custom_interfaces
