[1.389s] Invoking command in '/home/parker/turtlebot3_ws/build/turtlebot3_example': CMAKE_PREFIX_PATH=/home/parker/turtlebot3_ws/install/turtlebot3_msgs:/home/parker/turtlebot3_ws/install/turtlebot3:/home/parker/turtlebot3_ws/install/turtlebot3_bringup:/home/parker/turtlebot3_ws/install/turtlebot3_node:/home/parker/turtlebot3_ws/install/turtlebot3_navigation2:/home/parker/turtlebot3_ws/install/turtlebot3_description:/home/parker/turtlebot3_ws/install/turtlebot3_cartographer:/home/parker/turtlebot3_ws/install/dynamixel_sdk_examples:/home/parker/turtlebot3_ws/install/dynamixel_sdk_custom_interfaces:/home/parker/turtlebot3_ws/install/dynamixel_sdk PYTHONPATH=/home/parker/turtlebot3_ws/build/turtlebot3_example/prefix_override:/home/parker/turtlebot3_ws/install/turtlebot3_example/lib/python3.8/site-packages:/home/parker/turtlebot3_ws/install/turtlebot3_msgs/lib/python3.8/site-packages:/home/parker/turtlebot3_ws/build/turtlebot3_teleop:/home/parker/turtlebot3_ws/install/turtlebot3_teleop/lib/python3.8/site-packages:/home/parker/turtlebot3_ws/build/turtlebot3_example:/home/parker/turtlebot3_ws/install/turtlebot3_example/lib/python3.8/site-packages:/home/parker/turtlebot3_ws/install/dynamixel_sdk_custom_interfaces/lib/python3.8/site-packages:/opt/ros/foxy/lib/python3.8/site-packages /usr/bin/python3 setup.py develop --editable --build-directory /home/parker/turtlebot3_ws/build/turtlebot3_example/build --no-deps install_data
[1.950s] running develop
[2.206s] running egg_info
[2.207s] writing turtlebot3_example.egg-info/PKG-INFO
[2.207s] writing dependency_links to turtlebot3_example.egg-info/dependency_links.txt
[2.207s] writing entry points to turtlebot3_example.egg-info/entry_points.txt
[2.208s] writing requirements to turtlebot3_example.egg-info/requires.txt
[2.208s] writing top-level names to turtlebot3_example.egg-info/top_level.txt
[2.275s] reading manifest file 'turtlebot3_example.egg-info/SOURCES.txt'
[2.277s] writing manifest file 'turtlebot3_example.egg-info/SOURCES.txt'
[2.354s] running build_ext
[2.354s] Creating /home/parker/turtlebot3_ws/install/turtlebot3_example/lib/python3.8/site-packages/turtlebot3-example.egg-link (link to .)
[2.355s] Installing turtlebot3_obstacle_detection script to /home/parker/turtlebot3_ws/install/turtlebot3_example/lib/turtlebot3_example
[2.356s] Installing turtlebot3_patrol_client script to /home/parker/turtlebot3_ws/install/turtlebot3_example/lib/turtlebot3_example
[2.356s] Installing turtlebot3_patrol_server script to /home/parker/turtlebot3_ws/install/turtlebot3_example/lib/turtlebot3_example
[2.356s] Installing turtlebot3_position_control script to /home/parker/turtlebot3_ws/install/turtlebot3_example/lib/turtlebot3_example
[2.357s] 
[2.357s] Installed /home/parker/turtlebot3_ws/build/turtlebot3_example
[2.357s] running install_data
[2.416s] Invoked command in '/home/parker/turtlebot3_ws/build/turtlebot3_example' returned '0': CMAKE_PREFIX_PATH=/home/parker/turtlebot3_ws/install/turtlebot3_msgs:/home/parker/turtlebot3_ws/install/turtlebot3:/home/parker/turtlebot3_ws/install/turtlebot3_bringup:/home/parker/turtlebot3_ws/install/turtlebot3_node:/home/parker/turtlebot3_ws/install/turtlebot3_navigation2:/home/parker/turtlebot3_ws/install/turtlebot3_description:/home/parker/turtlebot3_ws/install/turtlebot3_cartographer:/home/parker/turtlebot3_ws/install/dynamixel_sdk_examples:/home/parker/turtlebot3_ws/install/dynamixel_sdk_custom_interfaces:/home/parker/turtlebot3_ws/install/dynamixel_sdk PYTHONPATH=/home/parker/turtlebot3_ws/build/turtlebot3_example/prefix_override:/home/parker/turtlebot3_ws/install/turtlebot3_example/lib/python3.8/site-packages:/home/parker/turtlebot3_ws/install/turtlebot3_msgs/lib/python3.8/site-packages:/home/parker/turtlebot3_ws/build/turtlebot3_teleop:/home/parker/turtlebot3_ws/install/turtlebot3_teleop/lib/python3.8/site-packages:/home/parker/turtlebot3_ws/build/turtlebot3_example:/home/parker/turtlebot3_ws/install/turtlebot3_example/lib/python3.8/site-packages:/home/parker/turtlebot3_ws/install/dynamixel_sdk_custom_interfaces/lib/python3.8/site-packages:/opt/ros/foxy/lib/python3.8/site-packages /usr/bin/python3 setup.py develop --editable --build-directory /home/parker/turtlebot3_ws/build/turtlebot3_example/build --no-deps install_data
