[1.873s] Invoking command in '/home/parker/turtlebot3_ws/build/turtlebot3_example': CMAKE_PREFIX_PATH=/home/parker/turtlebot3_ws/install/turtlebot3_msgs:/home/parker/turtlebot3_ws/install/turtlebot3:/home/parker/turtlebot3_ws/install/turtlebot3_simulations:/home/parker/turtlebot3_ws/install/turtlebot3_bringup:/home/parker/turtlebot3_ws/install/turtlebot3_node:/home/parker/turtlebot3_ws/install/turtlebot3_navigation2:/home/parker/turtlebot3_ws/install/turtlebot3_fake_node:/home/parker/turtlebot3_ws/install/turtlebot3_manipulation:/home/parker/turtlebot3_ws/install/turtlebot3_manipulation_teleop:/home/parker/turtlebot3_ws/install/turtlebot3_manipulation_navigation2:/home/parker/turtlebot3_ws/install/turtlebot3_manipulation_moveit_config:/home/parker/turtlebot3_ws/install/turtlebot3_manipulation_hardware:/home/parker/turtlebot3_ws/install/turtlebot3_manipulation_bringup:/home/parker/turtlebot3_ws/install/turtlebot3_manipulation_description:/home/parker/turtlebot3_ws/install/turtlebot3_manipulation_cartographer:/home/parker/turtlebot3_ws/install/turtlebot3_gazebo:/home/parker/turtlebot3_ws/install/turtlebot3_description:/home/parker/turtlebot3_ws/install/turtlebot3_cartographer:/home/parker/turtlebot3_ws/install/dynamixel_sdk_examples:/home/parker/turtlebot3_ws/install/dynamixel_sdk_custom_interfaces:/home/parker/turtlebot3_ws/install/dynamixel_sdk PYTHONPATH=/home/parker/turtlebot3_ws/build/turtlebot3_example/prefix_override:/home/parker/turtlebot3_ws/install/turtlebot3_example/lib/python3.8/site-packages:/home/parker/turtlebot3_ws/install/turtlebot3_msgs/lib/python3.8/site-packages:/home/parker/turtlebot3_ws/build/turtlebot3_teleop:/home/parker/turtlebot3_ws/install/turtlebot3_teleop/lib/python3.8/site-packages:/home/parker/turtlebot3_ws/build/turtlebot3_example:/home/parker/turtlebot3_ws/install/turtlebot3_example/lib/python3.8/site-packages:/home/parker/turtlebot3_ws/install/dynamixel_sdk_custom_interfaces/lib/python3.8/site-packages:/opt/ros/foxy/lib/python3.8/site-packages /usr/bin/python3 setup.py develop --editable --build-directory /home/parker/turtlebot3_ws/build/turtlebot3_example/build --no-deps install_data
[2.623s] running develop
[3.056s] running egg_info
[3.056s] writing turtlebot3_example.egg-info/PKG-INFO
[3.056s] writing dependency_links to turtlebot3_example.egg-info/dependency_links.txt
[3.056s] writing entry points to turtlebot3_example.egg-info/entry_points.txt
[3.057s] writing requirements to turtlebot3_example.egg-info/requires.txt
[3.057s] writing top-level names to turtlebot3_example.egg-info/top_level.txt
[3.172s] reading manifest file 'turtlebot3_example.egg-info/SOURCES.txt'
[3.173s] writing manifest file 'turtlebot3_example.egg-info/SOURCES.txt'
[3.304s] running build_ext
[3.306s] Creating /home/parker/turtlebot3_ws/install/turtlebot3_example/lib/python3.8/site-packages/turtlebot3-example.egg-link (link to .)
[3.309s] Installing turtlebot3_obstacle_detection script to /home/parker/turtlebot3_ws/install/turtlebot3_example/lib/turtlebot3_example
[3.310s] Installing turtlebot3_patrol_client script to /home/parker/turtlebot3_ws/install/turtlebot3_example/lib/turtlebot3_example
[3.311s] Installing turtlebot3_patrol_server script to /home/parker/turtlebot3_ws/install/turtlebot3_example/lib/turtlebot3_example
[3.312s] Installing turtlebot3_position_control script to /home/parker/turtlebot3_ws/install/turtlebot3_example/lib/turtlebot3_example
[3.313s] 
[3.313s] Installed /home/parker/turtlebot3_ws/build/turtlebot3_example
[3.313s] running install_data
[3.391s] Invoked command in '/home/parker/turtlebot3_ws/build/turtlebot3_example' returned '0': CMAKE_PREFIX_PATH=/home/parker/turtlebot3_ws/install/turtlebot3_msgs:/home/parker/turtlebot3_ws/install/turtlebot3:/home/parker/turtlebot3_ws/install/turtlebot3_simulations:/home/parker/turtlebot3_ws/install/turtlebot3_bringup:/home/parker/turtlebot3_ws/install/turtlebot3_node:/home/parker/turtlebot3_ws/install/turtlebot3_navigation2:/home/parker/turtlebot3_ws/install/turtlebot3_fake_node:/home/parker/turtlebot3_ws/install/turtlebot3_manipulation:/home/parker/turtlebot3_ws/install/turtlebot3_manipulation_teleop:/home/parker/turtlebot3_ws/install/turtlebot3_manipulation_navigation2:/home/parker/turtlebot3_ws/install/turtlebot3_manipulation_moveit_config:/home/parker/turtlebot3_ws/install/turtlebot3_manipulation_hardware:/home/parker/turtlebot3_ws/install/turtlebot3_manipulation_bringup:/home/parker/turtlebot3_ws/install/turtlebot3_manipulation_description:/home/parker/turtlebot3_ws/install/turtlebot3_manipulation_cartographer:/home/parker/turtlebot3_ws/install/turtlebot3_gazebo:/home/parker/turtlebot3_ws/install/turtlebot3_description:/home/parker/turtlebot3_ws/install/turtlebot3_cartographer:/home/parker/turtlebot3_ws/install/dynamixel_sdk_examples:/home/parker/turtlebot3_ws/install/dynamixel_sdk_custom_interfaces:/home/parker/turtlebot3_ws/install/dynamixel_sdk PYTHONPATH=/home/parker/turtlebot3_ws/build/turtlebot3_example/prefix_override:/home/parker/turtlebot3_ws/install/turtlebot3_example/lib/python3.8/site-packages:/home/parker/turtlebot3_ws/install/turtlebot3_msgs/lib/python3.8/site-packages:/home/parker/turtlebot3_ws/build/turtlebot3_teleop:/home/parker/turtlebot3_ws/install/turtlebot3_teleop/lib/python3.8/site-packages:/home/parker/turtlebot3_ws/build/turtlebot3_example:/home/parker/turtlebot3_ws/install/turtlebot3_example/lib/python3.8/site-packages:/home/parker/turtlebot3_ws/install/dynamixel_sdk_custom_interfaces/lib/python3.8/site-packages:/opt/ros/foxy/lib/python3.8/site-packages /usr/bin/python3 setup.py develop --editable --build-directory /home/parker/turtlebot3_ws/build/turtlebot3_example/build --no-deps install_data
