[0.085s] Invoking command in '/home/parker/turtlebot3_ws/build/dynamixel_sdk': CMAKE_PREFIX_PATH=${CMAKE_PREFIX_PATH}:/home/parker/turtlebot3_ws/install/turtlebot3_teleop:/home/parker/turtlebot3_ws/install/turtlebot3_example:/opt/ros/foxy /usr/bin/cmake --build /home/parker/turtlebot3_ws/build/dynamixel_sdk -- -j4 -l4
[0.207s] [100%] Built target dynamixel_sdk
[0.248s] Invoked command in '/home/parker/turtlebot3_ws/build/dynamixel_sdk' returned '0': CMAKE_PREFIX_PATH=${CMAKE_PREFIX_PATH}:/home/parker/turtlebot3_ws/install/turtlebot3_teleop:/home/parker/turtlebot3_ws/install/turtlebot3_example:/opt/ros/foxy /usr/bin/cmake --build /home/parker/turtlebot3_ws/build/dynamixel_sdk -- -j4 -l4
[0.465s] Invoking command in '/home/parker/turtlebot3_ws/build/dynamixel_sdk': CMAKE_PREFIX_PATH=${CMAKE_PREFIX_PATH}:/home/parker/turtlebot3_ws/install/turtlebot3_teleop:/home/parker/turtlebot3_ws/install/turtlebot3_example:/opt/ros/foxy /usr/bin/cmake --install /home/parker/turtlebot3_ws/build/dynamixel_sdk
[0.480s] -- Install configuration: ""
[0.481s] -- Execute custom install script
[0.484s] -- Up-to-date symlink: /home/parker/turtlebot3_ws/install/dynamixel_sdk/include//dynamixel_sdk/dynamixel_sdk.h
[0.484s] -- Up-to-date symlink: /home/parker/turtlebot3_ws/install/dynamixel_sdk/include//dynamixel_sdk/group_bulk_read.h
[0.485s] -- Up-to-date symlink: /home/parker/turtlebot3_ws/install/dynamixel_sdk/include//dynamixel_sdk/group_bulk_write.h
[0.485s] -- Up-to-date symlink: /home/parker/turtlebot3_ws/install/dynamixel_sdk/include//dynamixel_sdk/group_sync_read.h
[0.485s] -- Up-to-date symlink: /home/parker/turtlebot3_ws/install/dynamixel_sdk/include//dynamixel_sdk/group_sync_write.h
[0.486s] -- Up-to-date symlink: /home/parker/turtlebot3_ws/install/dynamixel_sdk/include//dynamixel_sdk/packet_handler.h
[0.486s] -- Up-to-date symlink: /home/parker/turtlebot3_ws/install/dynamixel_sdk/include//dynamixel_sdk/port_handler.h
[0.487s] -- Up-to-date symlink: /home/parker/turtlebot3_ws/install/dynamixel_sdk/include//dynamixel_sdk/port_handler_arduino.h
[0.487s] -- Up-to-date symlink: /home/parker/turtlebot3_ws/install/dynamixel_sdk/include//dynamixel_sdk/port_handler_linux.h
[0.488s] -- Up-to-date symlink: /home/parker/turtlebot3_ws/install/dynamixel_sdk/include//dynamixel_sdk/port_handler_mac.h
[0.489s] -- Up-to-date symlink: /home/parker/turtlebot3_ws/install/dynamixel_sdk/include//dynamixel_sdk/port_handler_windows.h
[0.489s] -- Up-to-date symlink: /home/parker/turtlebot3_ws/install/dynamixel_sdk/include//dynamixel_sdk/protocol1_packet_handler.h
[0.489s] -- Up-to-date symlink: /home/parker/turtlebot3_ws/install/dynamixel_sdk/include//dynamixel_sdk/protocol2_packet_handler.h
[0.490s] -- Up-to-date symlink: /home/parker/turtlebot3_ws/install/dynamixel_sdk/lib/libdynamixel_sdk.so
[0.491s] -- Up-to-date symlink: /home/parker/turtlebot3_ws/install/dynamixel_sdk/share/dynamixel_sdk/environment/library_path.sh
[0.491s] -- Up-to-date symlink: /home/parker/turtlebot3_ws/install/dynamixel_sdk/share/dynamixel_sdk/environment/library_path.dsv
[0.492s] -- Up-to-date symlink: /home/parker/turtlebot3_ws/install/dynamixel_sdk/share/ament_index/resource_index/package_run_dependencies/dynamixel_sdk
[0.493s] -- Up-to-date symlink: /home/parker/turtlebot3_ws/install/dynamixel_sdk/share/ament_index/resource_index/parent_prefix_path/dynamixel_sdk
[0.493s] -- Up-to-date symlink: /home/parker/turtlebot3_ws/install/dynamixel_sdk/share/dynamixel_sdk/environment/ament_prefix_path.sh
[0.494s] -- Up-to-date symlink: /home/parker/turtlebot3_ws/install/dynamixel_sdk/share/dynamixel_sdk/environment/ament_prefix_path.dsv
[0.494s] -- Up-to-date symlink: /home/parker/turtlebot3_ws/install/dynamixel_sdk/share/dynamixel_sdk/environment/path.sh
[0.495s] -- Up-to-date symlink: /home/parker/turtlebot3_ws/install/dynamixel_sdk/share/dynamixel_sdk/environment/path.dsv
[0.496s] -- Up-to-date symlink: /home/parker/turtlebot3_ws/install/dynamixel_sdk/share/dynamixel_sdk/local_setup.bash
[0.497s] -- Up-to-date symlink: /home/parker/turtlebot3_ws/install/dynamixel_sdk/share/dynamixel_sdk/local_setup.sh
[0.498s] -- Up-to-date symlink: /home/parker/turtlebot3_ws/install/dynamixel_sdk/share/dynamixel_sdk/local_setup.zsh
[0.499s] -- Up-to-date symlink: /home/parker/turtlebot3_ws/install/dynamixel_sdk/share/dynamixel_sdk/local_setup.dsv
[0.500s] -- Symlinking: /home/parker/turtlebot3_ws/install/dynamixel_sdk/share/dynamixel_sdk/package.dsv
[0.522s] -- Up-to-date symlink: /home/parker/turtlebot3_ws/install/dynamixel_sdk/share/ament_index/resource_index/packages/dynamixel_sdk
[0.523s] -- Up-to-date symlink: /home/parker/turtlebot3_ws/install/dynamixel_sdk/share/dynamixel_sdk/cmake/ament_cmake_export_include_directories-extras.cmake
[0.523s] -- Up-to-date symlink: /home/parker/turtlebot3_ws/install/dynamixel_sdk/share/dynamixel_sdk/cmake/ament_cmake_export_libraries-extras.cmake
[0.523s] -- Up-to-date symlink: /home/parker/turtlebot3_ws/install/dynamixel_sdk/share/dynamixel_sdk/cmake/dynamixel_sdkConfig.cmake
[0.523s] -- Up-to-date symlink: /home/parker/turtlebot3_ws/install/dynamixel_sdk/share/dynamixel_sdk/cmake/dynamixel_sdkConfig-version.cmake
[0.524s] -- Up-to-date symlink: /home/parker/turtlebot3_ws/install/dynamixel_sdk/share/dynamixel_sdk/package.xml
[0.566s] Invoked command in '/home/parker/turtlebot3_ws/build/dynamixel_sdk' returned '0': CMAKE_PREFIX_PATH=${CMAKE_PREFIX_PATH}:/home/parker/turtlebot3_ws/install/turtlebot3_teleop:/home/parker/turtlebot3_ws/install/turtlebot3_example:/opt/ros/foxy /usr/bin/cmake --install /home/parker/turtlebot3_ws/build/dynamixel_sdk
