[0.066s] Invoking command in '/home/parker/turtlebot3_ws/build/dynamixel_sdk': CMAKE_PREFIX_PATH=/opt/ros/foxy /usr/bin/cmake /home/parker/turtlebot3_ws/src/DynamixelSDK/dynamixel_sdk -DAMENT_CMAKE_SYMLINK_INSTALL=1 -DCMAKE_INSTALL_PREFIX=/home/parker/turtlebot3_ws/install/dynamixel_sdk
[0.481s] -- The C compiler identification is GNU 9.4.0
[0.800s] -- The CXX compiler identification is GNU 9.4.0
[0.811s] -- Check for working C compiler: /usr/bin/cc
[0.960s] -- Check for working C compiler: /usr/bin/cc -- works
[0.972s] -- Detecting C compiler ABI info
[1.106s] -- Detecting C compiler ABI info - done
[1.137s] -- Detecting C compile features
[1.138s] -- Detecting C compile features - done
[1.145s] -- Check for working CXX compiler: /usr/bin/c++
[1.309s] -- Check for working CXX compiler: /usr/bin/c++ -- works
[1.310s] -- Detecting CXX compiler ABI info
[1.468s] -- Detecting CXX compiler ABI info - done
[1.499s] -- Detecting CXX compile features
[1.500s] -- Detecting CXX compile features - done
[1.504s] -- Found ament_cmake: 0.9.11 (/opt/ros/foxy/share/ament_cmake/cmake)
[1.555s] -- Found PythonInterp: /usr/bin/python3 (found suitable version "3.8.10", minimum required is "3") 
[1.556s] -- Using PYTHON_EXECUTABLE: /usr/bin/python3
[1.971s] -- Override CMake install command with custom implementation using symlinks instead of copying resources
[2.153s] -- Configuring done
[2.164s] -- Generating done
[2.166s] -- Build files have been written to: /home/parker/turtlebot3_ws/build/dynamixel_sdk
[2.178s] Invoked command in '/home/parker/turtlebot3_ws/build/dynamixel_sdk' returned '0': CMAKE_PREFIX_PATH=/opt/ros/foxy /usr/bin/cmake /home/parker/turtlebot3_ws/src/DynamixelSDK/dynamixel_sdk -DAMENT_CMAKE_SYMLINK_INSTALL=1 -DCMAKE_INSTALL_PREFIX=/home/parker/turtlebot3_ws/install/dynamixel_sdk
[2.180s] Invoking command in '/home/parker/turtlebot3_ws/build/dynamixel_sdk': CMAKE_PREFIX_PATH=/opt/ros/foxy /usr/bin/cmake --build /home/parker/turtlebot3_ws/build/dynamixel_sdk -- -j4 -l4
[2.252s] [35m[1mScanning dependencies of target dynamixel_sdk[0m
[2.280s] [ 10%] [32mBuilding CXX object CMakeFiles/dynamixel_sdk.dir/src/dynamixel_sdk/packet_handler.cpp.o[0m
[2.294s] [ 20%] [32mBuilding CXX object CMakeFiles/dynamixel_sdk.dir/src/dynamixel_sdk/protocol2_packet_handler.cpp.o[0m
[2.299s] [ 30%] [32mBuilding CXX object CMakeFiles/dynamixel_sdk.dir/src/dynamixel_sdk/protocol1_packet_handler.cpp.o[0m
[2.311s] [ 40%] [32mBuilding CXX object CMakeFiles/dynamixel_sdk.dir/src/dynamixel_sdk/group_sync_read.cpp.o[0m
[2.865s] [ 50%] [32mBuilding CXX object CMakeFiles/dynamixel_sdk.dir/src/dynamixel_sdk/group_sync_write.cpp.o[0m
[2.948s] [ 60%] [32mBuilding CXX object CMakeFiles/dynamixel_sdk.dir/src/dynamixel_sdk/group_bulk_read.cpp.o[0m
[3.266s] [ 70%] [32mBuilding CXX object CMakeFiles/dynamixel_sdk.dir/src/dynamixel_sdk/group_bulk_write.cpp.o[0m
[4.367s] [ 80%] [32mBuilding CXX object CMakeFiles/dynamixel_sdk.dir/src/dynamixel_sdk/port_handler.cpp.o[0m
[4.525s] [ 90%] [32mBuilding CXX object CMakeFiles/dynamixel_sdk.dir/src/dynamixel_sdk/port_handler_linux.cpp.o[0m
[5.300s] [100%] [32m[1mLinking CXX shared library libdynamixel_sdk.so[0m
[5.526s] [100%] Built target dynamixel_sdk
[5.549s] Invoked command in '/home/parker/turtlebot3_ws/build/dynamixel_sdk' returned '0': CMAKE_PREFIX_PATH=/opt/ros/foxy /usr/bin/cmake --build /home/parker/turtlebot3_ws/build/dynamixel_sdk -- -j4 -l4
[5.984s] Invoking command in '/home/parker/turtlebot3_ws/build/dynamixel_sdk': CMAKE_PREFIX_PATH=/opt/ros/foxy /usr/bin/cmake --install /home/parker/turtlebot3_ws/build/dynamixel_sdk
[6.041s] -- Install configuration: ""
[6.042s] -- Execute custom install script
[6.056s] -- Symlinking: /home/parker/turtlebot3_ws/install/dynamixel_sdk/include//dynamixel_sdk/dynamixel_sdk.h
[6.091s] -- Symlinking: /home/parker/turtlebot3_ws/install/dynamixel_sdk/include//dynamixel_sdk/group_bulk_read.h
[6.131s] -- Symlinking: /home/parker/turtlebot3_ws/install/dynamixel_sdk/include//dynamixel_sdk/group_bulk_write.h
[6.177s] -- Symlinking: /home/parker/turtlebot3_ws/install/dynamixel_sdk/include//dynamixel_sdk/group_sync_read.h
[6.195s] -- Symlinking: /home/parker/turtlebot3_ws/install/dynamixel_sdk/include//dynamixel_sdk/group_sync_write.h
[6.251s] -- Symlinking: /home/parker/turtlebot3_ws/install/dynamixel_sdk/include//dynamixel_sdk/packet_handler.h
[6.292s] -- Symlinking: /home/parker/turtlebot3_ws/install/dynamixel_sdk/include//dynamixel_sdk/port_handler.h
[6.329s] -- Symlinking: /home/parker/turtlebot3_ws/install/dynamixel_sdk/include//dynamixel_sdk/port_handler_arduino.h
[6.376s] -- Symlinking: /home/parker/turtlebot3_ws/install/dynamixel_sdk/include//dynamixel_sdk/port_handler_linux.h
[6.426s] -- Symlinking: /home/parker/turtlebot3_ws/install/dynamixel_sdk/include//dynamixel_sdk/port_handler_mac.h
[6.470s] -- Symlinking: /home/parker/turtlebot3_ws/install/dynamixel_sdk/include//dynamixel_sdk/port_handler_windows.h
[6.527s] -- Symlinking: /home/parker/turtlebot3_ws/install/dynamixel_sdk/include//dynamixel_sdk/protocol1_packet_handler.h
[6.565s] -- Symlinking: /home/parker/turtlebot3_ws/install/dynamixel_sdk/include//dynamixel_sdk/protocol2_packet_handler.h
[6.594s] -- Symlinking: /home/parker/turtlebot3_ws/install/dynamixel_sdk/lib/libdynamixel_sdk.so
[6.621s] -- Symlinking: /home/parker/turtlebot3_ws/install/dynamixel_sdk/share/dynamixel_sdk/environment/library_path.sh
[6.669s] -- Symlinking: /home/parker/turtlebot3_ws/install/dynamixel_sdk/share/dynamixel_sdk/environment/library_path.dsv
[6.740s] -- Symlinking: /home/parker/turtlebot3_ws/install/dynamixel_sdk/share/ament_index/resource_index/package_run_dependencies/dynamixel_sdk
[6.780s] -- Symlinking: /home/parker/turtlebot3_ws/install/dynamixel_sdk/share/ament_index/resource_index/parent_prefix_path/dynamixel_sdk
[6.827s] -- Symlinking: /home/parker/turtlebot3_ws/install/dynamixel_sdk/share/dynamixel_sdk/environment/ament_prefix_path.sh
[6.872s] -- Symlinking: /home/parker/turtlebot3_ws/install/dynamixel_sdk/share/dynamixel_sdk/environment/ament_prefix_path.dsv
[6.911s] -- Symlinking: /home/parker/turtlebot3_ws/install/dynamixel_sdk/share/dynamixel_sdk/environment/path.sh
[6.956s] -- Symlinking: /home/parker/turtlebot3_ws/install/dynamixel_sdk/share/dynamixel_sdk/environment/path.dsv
[7.007s] -- Symlinking: /home/parker/turtlebot3_ws/install/dynamixel_sdk/share/dynamixel_sdk/local_setup.bash
[7.053s] -- Symlinking: /home/parker/turtlebot3_ws/install/dynamixel_sdk/share/dynamixel_sdk/local_setup.sh
[7.112s] -- Symlinking: /home/parker/turtlebot3_ws/install/dynamixel_sdk/share/dynamixel_sdk/local_setup.zsh
[7.149s] -- Symlinking: /home/parker/turtlebot3_ws/install/dynamixel_sdk/share/dynamixel_sdk/local_setup.dsv
[7.191s] -- Symlinking: /home/parker/turtlebot3_ws/install/dynamixel_sdk/share/dynamixel_sdk/package.dsv
[7.236s] -- Symlinking: /home/parker/turtlebot3_ws/install/dynamixel_sdk/share/ament_index/resource_index/packages/dynamixel_sdk
[7.285s] -- Symlinking: /home/parker/turtlebot3_ws/install/dynamixel_sdk/share/dynamixel_sdk/cmake/ament_cmake_export_include_directories-extras.cmake
[7.347s] -- Symlinking: /home/parker/turtlebot3_ws/install/dynamixel_sdk/share/dynamixel_sdk/cmake/ament_cmake_export_libraries-extras.cmake
[7.388s] -- Symlinking: /home/parker/turtlebot3_ws/install/dynamixel_sdk/share/dynamixel_sdk/cmake/dynamixel_sdkConfig.cmake
[7.424s] -- Symlinking: /home/parker/turtlebot3_ws/install/dynamixel_sdk/share/dynamixel_sdk/cmake/dynamixel_sdkConfig-version.cmake
[7.465s] -- Symlinking: /home/parker/turtlebot3_ws/install/dynamixel_sdk/share/dynamixel_sdk/package.xml
[7.532s] Invoked command in '/home/parker/turtlebot3_ws/build/dynamixel_sdk' returned '0': CMAKE_PREFIX_PATH=/opt/ros/foxy /usr/bin/cmake --install /home/parker/turtlebot3_ws/build/dynamixel_sdk
