[0.089s] Invoking command in '/home/parker/turtlebot3_ws/build/turtlebot3_manipulation_cartographer': CMAKE_PREFIX_PATH=${CMAKE_PREFIX_PATH}:/home/parker/turtlebot3_ws/install/turtlebot3_teleop:/home/parker/turtlebot3_ws/install/turtlebot3_example:/opt/ros/foxy /usr/bin/cmake --build /home/parker/turtlebot3_ws/build/turtlebot3_manipulation_cartographer -- -j4 -l4
[0.185s] Invoked command in '/home/parker/turtlebot3_ws/build/turtlebot3_manipulation_cartographer' returned '0': CMAKE_PREFIX_PATH=${CMAKE_PREFIX_PATH}:/home/parker/turtlebot3_ws/install/turtlebot3_teleop:/home/parker/turtlebot3_ws/install/turtlebot3_example:/opt/ros/foxy /usr/bin/cmake --build /home/parker/turtlebot3_ws/build/turtlebot3_manipulation_cartographer -- -j4 -l4
[0.250s] Invoking command in '/home/parker/turtlebot3_ws/build/turtlebot3_manipulation_cartographer': CMAKE_PREFIX_PATH=${CMAKE_PREFIX_PATH}:/home/parker/turtlebot3_ws/install/turtlebot3_teleop:/home/parker/turtlebot3_ws/install/turtlebot3_example:/opt/ros/foxy /usr/bin/cmake --install /home/parker/turtlebot3_ws/build/turtlebot3_manipulation_cartographer
[0.275s] -- Install configuration: ""
[0.275s] -- Execute custom install script
[0.276s] -- Up-to-date symlink: /home/parker/turtlebot3_ws/install/turtlebot3_manipulation_cartographer/share/turtlebot3_manipulation_cartographer/config/turtlebot3_2d.lua
[0.277s] -- Up-to-date symlink: /home/parker/turtlebot3_ws/install/turtlebot3_manipulation_cartographer/share/turtlebot3_manipulation_cartographer/launch/cartographer.launch.py
[0.277s] -- Up-to-date symlink: /home/parker/turtlebot3_ws/install/turtlebot3_manipulation_cartographer/share/turtlebot3_manipulation_cartographer/launch/occupancy_grid.launch.py
[0.279s] -- Up-to-date symlink: /home/parker/turtlebot3_ws/install/turtlebot3_manipulation_cartographer/share/turtlebot3_manipulation_cartographer/rviz/cartographer.rviz
[0.280s] -- Up-to-date symlink: /home/parker/turtlebot3_ws/install/turtlebot3_manipulation_cartographer/share/ament_index/resource_index/package_run_dependencies/turtlebot3_manipulation_cartographer
[0.280s] -- Up-to-date symlink: /home/parker/turtlebot3_ws/install/turtlebot3_manipulation_cartographer/share/ament_index/resource_index/parent_prefix_path/turtlebot3_manipulation_cartographer
[0.281s] -- Up-to-date symlink: /home/parker/turtlebot3_ws/install/turtlebot3_manipulation_cartographer/share/turtlebot3_manipulation_cartographer/environment/ament_prefix_path.sh
[0.290s] -- Up-to-date symlink: /home/parker/turtlebot3_ws/install/turtlebot3_manipulation_cartographer/share/turtlebot3_manipulation_cartographer/environment/ament_prefix_path.dsv
[0.290s] -- Up-to-date symlink: /home/parker/turtlebot3_ws/install/turtlebot3_manipulation_cartographer/share/turtlebot3_manipulation_cartographer/environment/path.sh
[0.291s] -- Up-to-date symlink: /home/parker/turtlebot3_ws/install/turtlebot3_manipulation_cartographer/share/turtlebot3_manipulation_cartographer/environment/path.dsv
[0.291s] -- Up-to-date symlink: /home/parker/turtlebot3_ws/install/turtlebot3_manipulation_cartographer/share/turtlebot3_manipulation_cartographer/local_setup.bash
[0.291s] -- Up-to-date symlink: /home/parker/turtlebot3_ws/install/turtlebot3_manipulation_cartographer/share/turtlebot3_manipulation_cartographer/local_setup.sh
[0.292s] -- Up-to-date symlink: /home/parker/turtlebot3_ws/install/turtlebot3_manipulation_cartographer/share/turtlebot3_manipulation_cartographer/local_setup.zsh
[0.292s] -- Up-to-date symlink: /home/parker/turtlebot3_ws/install/turtlebot3_manipulation_cartographer/share/turtlebot3_manipulation_cartographer/local_setup.dsv
[0.292s] -- Symlinking: /home/parker/turtlebot3_ws/install/turtlebot3_manipulation_cartographer/share/turtlebot3_manipulation_cartographer/package.dsv
[0.308s] -- Up-to-date symlink: /home/parker/turtlebot3_ws/install/turtlebot3_manipulation_cartographer/share/ament_index/resource_index/packages/turtlebot3_manipulation_cartographer
[0.308s] -- Up-to-date symlink: /home/parker/turtlebot3_ws/install/turtlebot3_manipulation_cartographer/share/turtlebot3_manipulation_cartographer/cmake/turtlebot3_manipulation_cartographerConfig.cmake
[0.308s] -- Up-to-date symlink: /home/parker/turtlebot3_ws/install/turtlebot3_manipulation_cartographer/share/turtlebot3_manipulation_cartographer/cmake/turtlebot3_manipulation_cartographerConfig-version.cmake
[0.308s] -- Up-to-date symlink: /home/parker/turtlebot3_ws/install/turtlebot3_manipulation_cartographer/share/turtlebot3_manipulation_cartographer/package.xml
[0.389s] Invoked command in '/home/parker/turtlebot3_ws/build/turtlebot3_manipulation_cartographer' returned '0': CMAKE_PREFIX_PATH=${CMAKE_PREFIX_PATH}:/home/parker/turtlebot3_ws/install/turtlebot3_teleop:/home/parker/turtlebot3_ws/install/turtlebot3_example:/opt/ros/foxy /usr/bin/cmake --install /home/parker/turtlebot3_ws/build/turtlebot3_manipulation_cartographer
