[0.050s] Invoking command in '/home/parker/turtlebot3_ws/build/turtlebot3_manipulation_hardware': CMAKE_PREFIX_PATH=/home/parker/turtlebot3_ws/install/dynamixel_sdk:/home/parker/turtlebot3_ws/install/turtlebot3:/home/parker/turtlebot3_ws/install/turtlebot3_simulations:/home/parker/turtlebot3_ws/install/turtlebot3_bringup:/home/parker/turtlebot3_ws/install/turtlebot3_node:/home/parker/turtlebot3_ws/install/turtlebot3_navigation2:/home/parker/turtlebot3_ws/install/turtlebot3_fake_node:/home/parker/turtlebot3_ws/install/turtlebot3_msgs:/home/parker/turtlebot3_ws/install/turtlebot3_manipulation:/home/parker/turtlebot3_ws/install/turtlebot3_manipulation_teleop:/home/parker/turtlebot3_ws/install/turtlebot3_manipulation_navigation2:/home/parker/turtlebot3_ws/install/turtlebot3_manipulation_moveit_config:/home/parker/turtlebot3_ws/install/turtlebot3_manipulation_hardware:/home/parker/turtlebot3_ws/install/turtlebot3_manipulation_bringup:/home/parker/turtlebot3_ws/install/turtlebot3_manipulation_description:/home/parker/turtlebot3_ws/install/turtlebot3_manipulation_cartographer:/home/parker/turtlebot3_ws/install/turtlebot3_gazebo:/home/parker/turtlebot3_ws/install/turtlebot3_description:/home/parker/turtlebot3_ws/install/turtlebot3_cartographer:/home/parker/turtlebot3_ws/install/dynamixel_sdk_examples:/home/parker/turtlebot3_ws/install/dynamixel_sdk_custom_interfaces:/home/parker/turtlebot3_ws/install/turtlebot3_teleop:/home/parker/turtlebot3_ws/install/turtlebot3_example:/opt/ros/foxy LD_LIBRARY_PATH=/home/parker/turtlebot3_ws/install/dynamixel_sdk/lib:/home/parker/turtlebot3_ws/install/turtlebot3_msgs/lib:/home/parker/turtlebot3_ws/install/turtlebot3_manipulation_hardware/lib:/home/parker/turtlebot3_ws/install/dynamixel_sdk_custom_interfaces/lib:/usr/lib/x86_64-linux-gnu/gazebo-11/plugins:/opt/ros/foxy/opt/yaml_cpp_vendor/lib:/opt/ros/foxy/opt/rviz_ogre_vendor/lib:/opt/ros/foxy/lib/x86_64-linux-gnu:/opt/ros/foxy/lib /usr/bin/cmake --build /home/parker/turtlebot3_ws/build/turtlebot3_manipulation_hardware -- -j4 -l4
[0.139s] -- Found ament_cmake: 0.9.11 (/opt/ros/foxy/share/ament_cmake/cmake)
[0.223s] -- Using PYTHON_EXECUTABLE: /usr/bin/python3
[0.916s] -- Override CMake install command with custom implementation using symlinks instead of copying resources
[0.934s] -- Found dynamixel_sdk: 3.7.40 (/home/parker/turtlebot3_ws/install/dynamixel_sdk/share/dynamixel_sdk/cmake)
[0.936s] -- Found hardware_interface: 0.11.0 (/opt/ros/foxy/share/hardware_interface/cmake)
[1.005s] -- Using all available rosidl_typesupport_c: rosidl_typesupport_fastrtps_c;rosidl_typesupport_introspection_c
[1.017s] -- Found rosidl_adapter: 1.3.0 (/opt/ros/foxy/share/rosidl_adapter/cmake)
[1.346s] -- Using all available rosidl_typesupport_cpp: rosidl_typesupport_fastrtps_cpp;rosidl_typesupport_introspection_cpp
[2.930s] -- Found rclcpp: 2.4.2 (/opt/ros/foxy/share/rclcpp/cmake)
[3.033s] -- Found rmw_implementation_cmake: 1.0.4 (/opt/ros/foxy/share/rmw_implementation_cmake/cmake)
[3.033s] -- Using RMW implementation 'rmw_fastrtps_cpp' as default
[3.522s] -- Configuring done
[3.566s] -- Generating done
[3.570s] -- Build files have been written to: /home/parker/turtlebot3_ws/build/turtlebot3_manipulation_hardware
[3.610s] [35m[1mScanning dependencies of target turtlebot3_manipulation_hardware[0m
[3.650s] [ 25%] [32mBuilding CXX object CMakeFiles/turtlebot3_manipulation_hardware.dir/src/dynamixel_sdk_wrapper.cpp.o[0m
[3.653s] [ 50%] [32mBuilding CXX object CMakeFiles/turtlebot3_manipulation_hardware.dir/src/opencr.cpp.o[0m
[3.667s] [ 75%] [32mBuilding CXX object CMakeFiles/turtlebot3_manipulation_hardware.dir/src/turtlebot3_manipulation_system.cpp.o[0m
[9.562s] [100%] [32m[1mLinking CXX shared library libturtlebot3_manipulation_hardware.so[0m
[9.938s] [100%] Built target turtlebot3_manipulation_hardware
[9.954s] Invoked command in '/home/parker/turtlebot3_ws/build/turtlebot3_manipulation_hardware' returned '0': CMAKE_PREFIX_PATH=/home/parker/turtlebot3_ws/install/dynamixel_sdk:/home/parker/turtlebot3_ws/install/turtlebot3:/home/parker/turtlebot3_ws/install/turtlebot3_simulations:/home/parker/turtlebot3_ws/install/turtlebot3_bringup:/home/parker/turtlebot3_ws/install/turtlebot3_node:/home/parker/turtlebot3_ws/install/turtlebot3_navigation2:/home/parker/turtlebot3_ws/install/turtlebot3_fake_node:/home/parker/turtlebot3_ws/install/turtlebot3_msgs:/home/parker/turtlebot3_ws/install/turtlebot3_manipulation:/home/parker/turtlebot3_ws/install/turtlebot3_manipulation_teleop:/home/parker/turtlebot3_ws/install/turtlebot3_manipulation_navigation2:/home/parker/turtlebot3_ws/install/turtlebot3_manipulation_moveit_config:/home/parker/turtlebot3_ws/install/turtlebot3_manipulation_hardware:/home/parker/turtlebot3_ws/install/turtlebot3_manipulation_bringup:/home/parker/turtlebot3_ws/install/turtlebot3_manipulation_description:/home/parker/turtlebot3_ws/install/turtlebot3_manipulation_cartographer:/home/parker/turtlebot3_ws/install/turtlebot3_gazebo:/home/parker/turtlebot3_ws/install/turtlebot3_description:/home/parker/turtlebot3_ws/install/turtlebot3_cartographer:/home/parker/turtlebot3_ws/install/dynamixel_sdk_examples:/home/parker/turtlebot3_ws/install/dynamixel_sdk_custom_interfaces:/home/parker/turtlebot3_ws/install/turtlebot3_teleop:/home/parker/turtlebot3_ws/install/turtlebot3_example:/opt/ros/foxy LD_LIBRARY_PATH=/home/parker/turtlebot3_ws/install/dynamixel_sdk/lib:/home/parker/turtlebot3_ws/install/turtlebot3_msgs/lib:/home/parker/turtlebot3_ws/install/turtlebot3_manipulation_hardware/lib:/home/parker/turtlebot3_ws/install/dynamixel_sdk_custom_interfaces/lib:/usr/lib/x86_64-linux-gnu/gazebo-11/plugins:/opt/ros/foxy/opt/yaml_cpp_vendor/lib:/opt/ros/foxy/opt/rviz_ogre_vendor/lib:/opt/ros/foxy/lib/x86_64-linux-gnu:/opt/ros/foxy/lib /usr/bin/cmake --build /home/parker/turtlebot3_ws/build/turtlebot3_manipulation_hardware -- -j4 -l4
[9.999s] Invoking command in '/home/parker/turtlebot3_ws/build/turtlebot3_manipulation_hardware': CMAKE_PREFIX_PATH=/home/parker/turtlebot3_ws/install/dynamixel_sdk:/home/parker/turtlebot3_ws/install/turtlebot3:/home/parker/turtlebot3_ws/install/turtlebot3_simulations:/home/parker/turtlebot3_ws/install/turtlebot3_bringup:/home/parker/turtlebot3_ws/install/turtlebot3_node:/home/parker/turtlebot3_ws/install/turtlebot3_navigation2:/home/parker/turtlebot3_ws/install/turtlebot3_fake_node:/home/parker/turtlebot3_ws/install/turtlebot3_msgs:/home/parker/turtlebot3_ws/install/turtlebot3_manipulation:/home/parker/turtlebot3_ws/install/turtlebot3_manipulation_teleop:/home/parker/turtlebot3_ws/install/turtlebot3_manipulation_navigation2:/home/parker/turtlebot3_ws/install/turtlebot3_manipulation_moveit_config:/home/parker/turtlebot3_ws/install/turtlebot3_manipulation_hardware:/home/parker/turtlebot3_ws/install/turtlebot3_manipulation_bringup:/home/parker/turtlebot3_ws/install/turtlebot3_manipulation_description:/home/parker/turtlebot3_ws/install/turtlebot3_manipulation_cartographer:/home/parker/turtlebot3_ws/install/turtlebot3_gazebo:/home/parker/turtlebot3_ws/install/turtlebot3_description:/home/parker/turtlebot3_ws/install/turtlebot3_cartographer:/home/parker/turtlebot3_ws/install/dynamixel_sdk_examples:/home/parker/turtlebot3_ws/install/dynamixel_sdk_custom_interfaces:/home/parker/turtlebot3_ws/install/turtlebot3_teleop:/home/parker/turtlebot3_ws/install/turtlebot3_example:/opt/ros/foxy LD_LIBRARY_PATH=/home/parker/turtlebot3_ws/install/dynamixel_sdk/lib:/home/parker/turtlebot3_ws/install/turtlebot3_msgs/lib:/home/parker/turtlebot3_ws/install/turtlebot3_manipulation_hardware/lib:/home/parker/turtlebot3_ws/install/dynamixel_sdk_custom_interfaces/lib:/usr/lib/x86_64-linux-gnu/gazebo-11/plugins:/opt/ros/foxy/opt/yaml_cpp_vendor/lib:/opt/ros/foxy/opt/rviz_ogre_vendor/lib:/opt/ros/foxy/lib/x86_64-linux-gnu:/opt/ros/foxy/lib /usr/bin/cmake --install /home/parker/turtlebot3_ws/build/turtlebot3_manipulation_hardware
[10.011s] -- Install configuration: ""
[10.011s] -- Execute custom install script
[10.012s] -- Up-to-date symlink: /home/parker/turtlebot3_ws/install/turtlebot3_manipulation_hardware/share/turtlebot3_manipulation_hardware//turtlebot3_manipulation_hardware.xml
[10.013s] -- Up-to-date symlink: /home/parker/turtlebot3_ws/install/turtlebot3_manipulation_hardware/include/turtlebot3_manipulation_hardware/dynamixel_sdk_wrapper.hpp
[10.013s] -- Up-to-date symlink: /home/parker/turtlebot3_ws/install/turtlebot3_manipulation_hardware/include/turtlebot3_manipulation_hardware/opencr.hpp
[10.013s] -- Up-to-date symlink: /home/parker/turtlebot3_ws/install/turtlebot3_manipulation_hardware/include/turtlebot3_manipulation_hardware/opencr_control_table.hpp
[10.014s] -- Up-to-date symlink: /home/parker/turtlebot3_ws/install/turtlebot3_manipulation_hardware/include/turtlebot3_manipulation_hardware/opencr_definitions.hpp
[10.014s] -- Up-to-date symlink: /home/parker/turtlebot3_ws/install/turtlebot3_manipulation_hardware/include/turtlebot3_manipulation_hardware/turtlebot3_manipulation_system.hpp
[10.014s] -- Up-to-date symlink: /home/parker/turtlebot3_ws/install/turtlebot3_manipulation_hardware/include/turtlebot3_manipulation_hardware/visibility_control.h
[10.015s] -- Up-to-date symlink: /home/parker/turtlebot3_ws/install/turtlebot3_manipulation_hardware/lib/libturtlebot3_manipulation_hardware.so
[10.015s] -- Up-to-date symlink: /home/parker/turtlebot3_ws/install/turtlebot3_manipulation_hardware/share/turtlebot3_manipulation_hardware/environment/library_path.sh
[10.015s] -- Up-to-date symlink: /home/parker/turtlebot3_ws/install/turtlebot3_manipulation_hardware/share/turtlebot3_manipulation_hardware/environment/library_path.dsv
[10.016s] -- Up-to-date symlink: /home/parker/turtlebot3_ws/install/turtlebot3_manipulation_hardware/share/ament_index/resource_index/package_run_dependencies/turtlebot3_manipulation_hardware
[10.017s] -- Up-to-date symlink: /home/parker/turtlebot3_ws/install/turtlebot3_manipulation_hardware/share/ament_index/resource_index/parent_prefix_path/turtlebot3_manipulation_hardware
[10.018s] -- Up-to-date symlink: /home/parker/turtlebot3_ws/install/turtlebot3_manipulation_hardware/share/turtlebot3_manipulation_hardware/environment/ament_prefix_path.sh
[10.018s] -- Up-to-date symlink: /home/parker/turtlebot3_ws/install/turtlebot3_manipulation_hardware/share/turtlebot3_manipulation_hardware/environment/ament_prefix_path.dsv
[10.019s] -- Up-to-date symlink: /home/parker/turtlebot3_ws/install/turtlebot3_manipulation_hardware/share/turtlebot3_manipulation_hardware/environment/path.sh
[10.019s] -- Up-to-date symlink: /home/parker/turtlebot3_ws/install/turtlebot3_manipulation_hardware/share/turtlebot3_manipulation_hardware/environment/path.dsv
[10.020s] -- Up-to-date symlink: /home/parker/turtlebot3_ws/install/turtlebot3_manipulation_hardware/share/turtlebot3_manipulation_hardware/local_setup.bash
[10.020s] -- Up-to-date symlink: /home/parker/turtlebot3_ws/install/turtlebot3_manipulation_hardware/share/turtlebot3_manipulation_hardware/local_setup.sh
[10.021s] -- Up-to-date symlink: /home/parker/turtlebot3_ws/install/turtlebot3_manipulation_hardware/share/turtlebot3_manipulation_hardware/local_setup.zsh
[10.021s] -- Up-to-date symlink: /home/parker/turtlebot3_ws/install/turtlebot3_manipulation_hardware/share/turtlebot3_manipulation_hardware/local_setup.dsv
[10.022s] -- Symlinking: /home/parker/turtlebot3_ws/install/turtlebot3_manipulation_hardware/share/turtlebot3_manipulation_hardware/package.dsv
[10.035s] -- Up-to-date symlink: /home/parker/turtlebot3_ws/install/turtlebot3_manipulation_hardware/share/ament_index/resource_index/packages/turtlebot3_manipulation_hardware
[10.036s] -- Up-to-date symlink: /home/parker/turtlebot3_ws/install/turtlebot3_manipulation_hardware/share/ament_index/resource_index/hardware_interface__pluginlib__plugin/turtlebot3_manipulation_hardware
[10.036s] -- Up-to-date symlink: /home/parker/turtlebot3_ws/install/turtlebot3_manipulation_hardware/share/turtlebot3_manipulation_hardware/cmake/ament_cmake_export_include_directories-extras.cmake
[10.037s] -- Up-to-date symlink: /home/parker/turtlebot3_ws/install/turtlebot3_manipulation_hardware/share/turtlebot3_manipulation_hardware/cmake/ament_cmake_export_libraries-extras.cmake
[10.037s] -- Up-to-date symlink: /home/parker/turtlebot3_ws/install/turtlebot3_manipulation_hardware/share/turtlebot3_manipulation_hardware/cmake/ament_cmake_export_dependencies-extras.cmake
[10.038s] -- Up-to-date symlink: /home/parker/turtlebot3_ws/install/turtlebot3_manipulation_hardware/share/turtlebot3_manipulation_hardware/cmake/turtlebot3_manipulation_hardwareConfig.cmake
[10.038s] -- Up-to-date symlink: /home/parker/turtlebot3_ws/install/turtlebot3_manipulation_hardware/share/turtlebot3_manipulation_hardware/cmake/turtlebot3_manipulation_hardwareConfig-version.cmake
[10.039s] -- Up-to-date symlink: /home/parker/turtlebot3_ws/install/turtlebot3_manipulation_hardware/share/turtlebot3_manipulation_hardware/package.xml
[10.047s] Invoked command in '/home/parker/turtlebot3_ws/build/turtlebot3_manipulation_hardware' returned '0': CMAKE_PREFIX_PATH=/home/parker/turtlebot3_ws/install/dynamixel_sdk:/home/parker/turtlebot3_ws/install/turtlebot3:/home/parker/turtlebot3_ws/install/turtlebot3_simulations:/home/parker/turtlebot3_ws/install/turtlebot3_bringup:/home/parker/turtlebot3_ws/install/turtlebot3_node:/home/parker/turtlebot3_ws/install/turtlebot3_navigation2:/home/parker/turtlebot3_ws/install/turtlebot3_fake_node:/home/parker/turtlebot3_ws/install/turtlebot3_msgs:/home/parker/turtlebot3_ws/install/turtlebot3_manipulation:/home/parker/turtlebot3_ws/install/turtlebot3_manipulation_teleop:/home/parker/turtlebot3_ws/install/turtlebot3_manipulation_navigation2:/home/parker/turtlebot3_ws/install/turtlebot3_manipulation_moveit_config:/home/parker/turtlebot3_ws/install/turtlebot3_manipulation_hardware:/home/parker/turtlebot3_ws/install/turtlebot3_manipulation_bringup:/home/parker/turtlebot3_ws/install/turtlebot3_manipulation_description:/home/parker/turtlebot3_ws/install/turtlebot3_manipulation_cartographer:/home/parker/turtlebot3_ws/install/turtlebot3_gazebo:/home/parker/turtlebot3_ws/install/turtlebot3_description:/home/parker/turtlebot3_ws/install/turtlebot3_cartographer:/home/parker/turtlebot3_ws/install/dynamixel_sdk_examples:/home/parker/turtlebot3_ws/install/dynamixel_sdk_custom_interfaces:/home/parker/turtlebot3_ws/install/turtlebot3_teleop:/home/parker/turtlebot3_ws/install/turtlebot3_example:/opt/ros/foxy LD_LIBRARY_PATH=/home/parker/turtlebot3_ws/install/dynamixel_sdk/lib:/home/parker/turtlebot3_ws/install/turtlebot3_msgs/lib:/home/parker/turtlebot3_ws/install/turtlebot3_manipulation_hardware/lib:/home/parker/turtlebot3_ws/install/dynamixel_sdk_custom_interfaces/lib:/usr/lib/x86_64-linux-gnu/gazebo-11/plugins:/opt/ros/foxy/opt/yaml_cpp_vendor/lib:/opt/ros/foxy/opt/rviz_ogre_vendor/lib:/opt/ros/foxy/lib/x86_64-linux-gnu:/opt/ros/foxy/lib /usr/bin/cmake --install /home/parker/turtlebot3_ws/build/turtlebot3_manipulation_hardware
