[0.101s] Invoking command in '/home/parker/turtlebot3_ws/build/turtlebot3_cartographer': CMAKE_PREFIX_PATH=${CMAKE_PREFIX_PATH}:/home/parker/turtlebot3_ws/install/turtlebot3_teleop:/home/parker/turtlebot3_ws/install/turtlebot3_example:/opt/ros/foxy /usr/bin/cmake --build /home/parker/turtlebot3_ws/build/turtlebot3_cartographer -- -j4 -l4
[0.218s] Invoked command in '/home/parker/turtlebot3_ws/build/turtlebot3_cartographer' returned '0': CMAKE_PREFIX_PATH=${CMAKE_PREFIX_PATH}:/home/parker/turtlebot3_ws/install/turtlebot3_teleop:/home/parker/turtlebot3_ws/install/turtlebot3_example:/opt/ros/foxy /usr/bin/cmake --build /home/parker/turtlebot3_ws/build/turtlebot3_cartographer -- -j4 -l4
[0.291s] Invoking command in '/home/parker/turtlebot3_ws/build/turtlebot3_cartographer': CMAKE_PREFIX_PATH=${CMAKE_PREFIX_PATH}:/home/parker/turtlebot3_ws/install/turtlebot3_teleop:/home/parker/turtlebot3_ws/install/turtlebot3_example:/opt/ros/foxy /usr/bin/cmake --install /home/parker/turtlebot3_ws/build/turtlebot3_cartographer
[0.319s] -- Install configuration: ""
[0.320s] -- Execute custom install script
[0.321s] -- Up-to-date symlink: /home/parker/turtlebot3_ws/install/turtlebot3_cartographer/share/turtlebot3_cartographer/config/turtlebot3_lds_2d.lua
[0.322s] -- Up-to-date symlink: /home/parker/turtlebot3_ws/install/turtlebot3_cartographer/share/turtlebot3_cartographer/launch/cartographer.launch.py
[0.322s] -- Up-to-date symlink: /home/parker/turtlebot3_ws/install/turtlebot3_cartographer/share/turtlebot3_cartographer/launch/occupancy_grid.launch.py
[0.323s] -- Up-to-date symlink: /home/parker/turtlebot3_ws/install/turtlebot3_cartographer/share/turtlebot3_cartographer/rviz/tb3_cartographer.rviz
[0.324s] -- Up-to-date symlink: /home/parker/turtlebot3_ws/install/turtlebot3_cartographer/share/ament_index/resource_index/package_run_dependencies/turtlebot3_cartographer
[0.324s] -- Up-to-date symlink: /home/parker/turtlebot3_ws/install/turtlebot3_cartographer/share/ament_index/resource_index/parent_prefix_path/turtlebot3_cartographer
[0.325s] -- Up-to-date symlink: /home/parker/turtlebot3_ws/install/turtlebot3_cartographer/share/turtlebot3_cartographer/environment/ament_prefix_path.sh
[0.325s] -- Up-to-date symlink: /home/parker/turtlebot3_ws/install/turtlebot3_cartographer/share/turtlebot3_cartographer/environment/ament_prefix_path.dsv
[0.329s] -- Up-to-date symlink: /home/parker/turtlebot3_ws/install/turtlebot3_cartographer/share/turtlebot3_cartographer/environment/path.sh
[0.329s] -- Up-to-date symlink: /home/parker/turtlebot3_ws/install/turtlebot3_cartographer/share/turtlebot3_cartographer/environment/path.dsv
[0.331s] -- Up-to-date symlink: /home/parker/turtlebot3_ws/install/turtlebot3_cartographer/share/turtlebot3_cartographer/local_setup.bash
[0.331s] -- Up-to-date symlink: /home/parker/turtlebot3_ws/install/turtlebot3_cartographer/share/turtlebot3_cartographer/local_setup.sh
[0.331s] -- Up-to-date symlink: /home/parker/turtlebot3_ws/install/turtlebot3_cartographer/share/turtlebot3_cartographer/local_setup.zsh
[0.332s] -- Up-to-date symlink: /home/parker/turtlebot3_ws/install/turtlebot3_cartographer/share/turtlebot3_cartographer/local_setup.dsv
[0.332s] -- Symlinking: /home/parker/turtlebot3_ws/install/turtlebot3_cartographer/share/turtlebot3_cartographer/package.dsv
[0.350s] -- Up-to-date symlink: /home/parker/turtlebot3_ws/install/turtlebot3_cartographer/share/ament_index/resource_index/packages/turtlebot3_cartographer
[0.350s] -- Up-to-date symlink: /home/parker/turtlebot3_ws/install/turtlebot3_cartographer/share/turtlebot3_cartographer/cmake/turtlebot3_cartographerConfig.cmake
[0.351s] -- Up-to-date symlink: /home/parker/turtlebot3_ws/install/turtlebot3_cartographer/share/turtlebot3_cartographer/cmake/turtlebot3_cartographerConfig-version.cmake
[0.351s] -- Up-to-date symlink: /home/parker/turtlebot3_ws/install/turtlebot3_cartographer/share/turtlebot3_cartographer/package.xml
[0.358s] Invoked command in '/home/parker/turtlebot3_ws/build/turtlebot3_cartographer' returned '0': CMAKE_PREFIX_PATH=${CMAKE_PREFIX_PATH}:/home/parker/turtlebot3_ws/install/turtlebot3_teleop:/home/parker/turtlebot3_ws/install/turtlebot3_example:/opt/ros/foxy /usr/bin/cmake --install /home/parker/turtlebot3_ws/build/turtlebot3_cartographer
