[0.090s] Invoking command in '/home/parker/turtlebot3_ws/build/turtlebot3_msgs': CMAKE_PREFIX_PATH=${CMAKE_PREFIX_PATH}:/home/parker/turtlebot3_ws/install/turtlebot3_teleop:/home/parker/turtlebot3_ws/install/turtlebot3_example:/opt/ros/foxy /usr/bin/cmake --build /home/parker/turtlebot3_ws/build/turtlebot3_msgs -- -j4 -l4
[0.230s] [  1%] Built target turtlebot3_msgs__cpp
[0.255s] [ 12%] Built target turtlebot3_msgs__rosidl_generator_c
[0.311s] [ 23%] Built target turtlebot3_msgs__rosidl_typesupport_cpp
[0.335s] [ 35%] Built target turtlebot3_msgs__rosidl_typesupport_c
[0.349s] [ 46%] Built target turtlebot3_msgs__rosidl_typesupport_introspection_cpp
[0.388s] [ 57%] Built target turtlebot3_msgs__rosidl_typesupport_introspection_c
[0.392s] [ 69%] Built target turtlebot3_msgs__rosidl_typesupport_fastrtps_cpp
[0.447s] [ 80%] Built target turtlebot3_msgs__rosidl_typesupport_fastrtps_c
[0.491s] [ 80%] Built target turtlebot3_msgs
[0.526s] [ 81%] Built target turtlebot3_msgs__py
[0.574s] [ 91%] Built target turtlebot3_msgs__python
[0.634s] [ 94%] Built target turtlebot3_msgs__rosidl_typesupport_fastrtps_c__pyext
[0.639s] [ 97%] Built target turtlebot3_msgs__rosidl_typesupport_introspection_c__pyext
[0.640s] [100%] Built target turtlebot3_msgs__rosidl_typesupport_c__pyext
[0.667s] Invoked command in '/home/parker/turtlebot3_ws/build/turtlebot3_msgs' returned '0': CMAKE_PREFIX_PATH=${CMAKE_PREFIX_PATH}:/home/parker/turtlebot3_ws/install/turtlebot3_teleop:/home/parker/turtlebot3_ws/install/turtlebot3_example:/opt/ros/foxy /usr/bin/cmake --build /home/parker/turtlebot3_ws/build/turtlebot3_msgs -- -j4 -l4
[1.079s] Invoking command in '/home/parker/turtlebot3_ws/build/turtlebot3_msgs': CMAKE_PREFIX_PATH=${CMAKE_PREFIX_PATH}:/home/parker/turtlebot3_ws/install/turtlebot3_teleop:/home/parker/turtlebot3_ws/install/turtlebot3_example:/opt/ros/foxy /usr/bin/cmake --install /home/parker/turtlebot3_ws/build/turtlebot3_msgs
[1.125s] -- Install configuration: ""
[1.125s] -- Execute custom install script
[1.125s] -- Up-to-date symlink: /home/parker/turtlebot3_ws/install/turtlebot3_msgs/share/ament_index/resource_index/rosidl_interfaces/turtlebot3_msgs
[1.125s] -- Up-to-date symlink: /home/parker/turtlebot3_ws/install/turtlebot3_msgs/include/turtlebot3_msgs/action/detail/patrol__functions.h
[1.125s] -- Up-to-date symlink: /home/parker/turtlebot3_ws/install/turtlebot3_msgs/include/turtlebot3_msgs/action/detail/patrol__struct.h
[1.126s] -- Up-to-date symlink: /home/parker/turtlebot3_ws/install/turtlebot3_msgs/include/turtlebot3_msgs/action/detail/patrol__type_support.h
[1.126s] -- Up-to-date symlink: /home/parker/turtlebot3_ws/install/turtlebot3_msgs/include/turtlebot3_msgs/action/patrol.h
[1.126s] -- Up-to-date symlink: /home/parker/turtlebot3_ws/install/turtlebot3_msgs/include/turtlebot3_msgs/msg/detail/sensor_state__functions.h
[1.126s] -- Up-to-date symlink: /home/parker/turtlebot3_ws/install/turtlebot3_msgs/include/turtlebot3_msgs/msg/detail/sensor_state__struct.h
[1.126s] -- Up-to-date symlink: /home/parker/turtlebot3_ws/install/turtlebot3_msgs/include/turtlebot3_msgs/msg/detail/sensor_state__type_support.h
[1.126s] -- Up-to-date symlink: /home/parker/turtlebot3_ws/install/turtlebot3_msgs/include/turtlebot3_msgs/msg/detail/sound__functions.h
[1.127s] -- Up-to-date symlink: /home/parker/turtlebot3_ws/install/turtlebot3_msgs/include/turtlebot3_msgs/msg/detail/sound__struct.h
[1.127s] -- Up-to-date symlink: /home/parker/turtlebot3_ws/install/turtlebot3_msgs/include/turtlebot3_msgs/msg/detail/sound__type_support.h
[1.127s] -- Up-to-date symlink: /home/parker/turtlebot3_ws/install/turtlebot3_msgs/include/turtlebot3_msgs/msg/detail/version_info__functions.h
[1.127s] -- Up-to-date symlink: /home/parker/turtlebot3_ws/install/turtlebot3_msgs/include/turtlebot3_msgs/msg/detail/version_info__struct.h
[1.127s] -- Up-to-date symlink: /home/parker/turtlebot3_ws/install/turtlebot3_msgs/include/turtlebot3_msgs/msg/detail/version_info__type_support.h
[1.127s] -- Up-to-date symlink: /home/parker/turtlebot3_ws/install/turtlebot3_msgs/include/turtlebot3_msgs/msg/rosidl_generator_c__visibility_control.h
[1.127s] -- Up-to-date symlink: /home/parker/turtlebot3_ws/install/turtlebot3_msgs/include/turtlebot3_msgs/msg/sensor_state.h
[1.128s] -- Up-to-date symlink: /home/parker/turtlebot3_ws/install/turtlebot3_msgs/include/turtlebot3_msgs/msg/sound.h
[1.128s] -- Up-to-date symlink: /home/parker/turtlebot3_ws/install/turtlebot3_msgs/include/turtlebot3_msgs/msg/version_info.h
[1.128s] -- Up-to-date symlink: /home/parker/turtlebot3_ws/install/turtlebot3_msgs/include/turtlebot3_msgs/srv/detail/dqn__functions.h
[1.128s] -- Up-to-date symlink: /home/parker/turtlebot3_ws/install/turtlebot3_msgs/include/turtlebot3_msgs/srv/detail/dqn__struct.h
[1.128s] -- Up-to-date symlink: /home/parker/turtlebot3_ws/install/turtlebot3_msgs/include/turtlebot3_msgs/srv/detail/dqn__type_support.h
[1.128s] -- Up-to-date symlink: /home/parker/turtlebot3_ws/install/turtlebot3_msgs/include/turtlebot3_msgs/srv/detail/sound__functions.h
[1.128s] -- Up-to-date symlink: /home/parker/turtlebot3_ws/install/turtlebot3_msgs/include/turtlebot3_msgs/srv/detail/sound__struct.h
[1.128s] -- Up-to-date symlink: /home/parker/turtlebot3_ws/install/turtlebot3_msgs/include/turtlebot3_msgs/srv/detail/sound__type_support.h
[1.128s] -- Up-to-date symlink: /home/parker/turtlebot3_ws/install/turtlebot3_msgs/include/turtlebot3_msgs/srv/dqn.h
[1.129s] -- Up-to-date symlink: /home/parker/turtlebot3_ws/install/turtlebot3_msgs/include/turtlebot3_msgs/srv/sound.h
[1.129s] -- Up-to-date symlink: /home/parker/turtlebot3_ws/install/turtlebot3_msgs/share/turtlebot3_msgs/environment/library_path.sh
[1.129s] -- Up-to-date symlink: /home/parker/turtlebot3_ws/install/turtlebot3_msgs/share/turtlebot3_msgs/environment/library_path.dsv
[1.129s] -- Up-to-date symlink: /home/parker/turtlebot3_ws/install/turtlebot3_msgs/include/turtlebot3_msgs/action/detail/patrol__rosidl_typesupport_fastrtps_c.h
[1.129s] -- Up-to-date symlink: /home/parker/turtlebot3_ws/install/turtlebot3_msgs/include/turtlebot3_msgs/msg/detail/sensor_state__rosidl_typesupport_fastrtps_c.h
[1.130s] -- Up-to-date symlink: /home/parker/turtlebot3_ws/install/turtlebot3_msgs/include/turtlebot3_msgs/msg/detail/sound__rosidl_typesupport_fastrtps_c.h
[1.130s] -- Up-to-date symlink: /home/parker/turtlebot3_ws/install/turtlebot3_msgs/include/turtlebot3_msgs/msg/detail/version_info__rosidl_typesupport_fastrtps_c.h
[1.130s] -- Up-to-date symlink: /home/parker/turtlebot3_ws/install/turtlebot3_msgs/include/turtlebot3_msgs/msg/rosidl_typesupport_fastrtps_c__visibility_control.h
[1.130s] -- Up-to-date symlink: /home/parker/turtlebot3_ws/install/turtlebot3_msgs/include/turtlebot3_msgs/srv/detail/dqn__rosidl_typesupport_fastrtps_c.h
[1.130s] -- Up-to-date symlink: /home/parker/turtlebot3_ws/install/turtlebot3_msgs/include/turtlebot3_msgs/srv/detail/sound__rosidl_typesupport_fastrtps_c.h
[1.131s] -- Up-to-date symlink: /home/parker/turtlebot3_ws/install/turtlebot3_msgs/lib/libturtlebot3_msgs__rosidl_typesupport_fastrtps_c.so
[1.131s] -- Up-to-date symlink: /home/parker/turtlebot3_ws/install/turtlebot3_msgs/include/turtlebot3_msgs/action/detail/patrol__rosidl_typesupport_fastrtps_cpp.hpp
[1.131s] -- Up-to-date symlink: /home/parker/turtlebot3_ws/install/turtlebot3_msgs/include/turtlebot3_msgs/msg/detail/sensor_state__rosidl_typesupport_fastrtps_cpp.hpp
[1.132s] -- Up-to-date symlink: /home/parker/turtlebot3_ws/install/turtlebot3_msgs/include/turtlebot3_msgs/msg/detail/sound__rosidl_typesupport_fastrtps_cpp.hpp
[1.132s] -- Up-to-date symlink: /home/parker/turtlebot3_ws/install/turtlebot3_msgs/include/turtlebot3_msgs/msg/detail/version_info__rosidl_typesupport_fastrtps_cpp.hpp
[1.132s] -- Up-to-date symlink: /home/parker/turtlebot3_ws/install/turtlebot3_msgs/include/turtlebot3_msgs/msg/rosidl_typesupport_fastrtps_cpp__visibility_control.h
[1.132s] -- Up-to-date symlink: /home/parker/turtlebot3_ws/install/turtlebot3_msgs/include/turtlebot3_msgs/srv/detail/dqn__rosidl_typesupport_fastrtps_cpp.hpp
[1.132s] -- Up-to-date symlink: /home/parker/turtlebot3_ws/install/turtlebot3_msgs/include/turtlebot3_msgs/srv/detail/sound__rosidl_typesupport_fastrtps_cpp.hpp
[1.132s] -- Up-to-date symlink: /home/parker/turtlebot3_ws/install/turtlebot3_msgs/lib/libturtlebot3_msgs__rosidl_typesupport_fastrtps_cpp.so
[1.132s] -- Up-to-date symlink: /home/parker/turtlebot3_ws/install/turtlebot3_msgs/include/turtlebot3_msgs/action/detail/patrol__rosidl_typesupport_introspection_c.h
[1.133s] -- Up-to-date symlink: /home/parker/turtlebot3_ws/install/turtlebot3_msgs/include/turtlebot3_msgs/msg/detail/sensor_state__rosidl_typesupport_introspection_c.h
[1.133s] -- Up-to-date symlink: /home/parker/turtlebot3_ws/install/turtlebot3_msgs/include/turtlebot3_msgs/msg/detail/sound__rosidl_typesupport_introspection_c.h
[1.133s] -- Up-to-date symlink: /home/parker/turtlebot3_ws/install/turtlebot3_msgs/include/turtlebot3_msgs/msg/detail/version_info__rosidl_typesupport_introspection_c.h
[1.133s] -- Up-to-date symlink: /home/parker/turtlebot3_ws/install/turtlebot3_msgs/include/turtlebot3_msgs/msg/rosidl_typesupport_introspection_c__visibility_control.h
[1.133s] -- Up-to-date symlink: /home/parker/turtlebot3_ws/install/turtlebot3_msgs/include/turtlebot3_msgs/srv/detail/dqn__rosidl_typesupport_introspection_c.h
[1.133s] -- Up-to-date symlink: /home/parker/turtlebot3_ws/install/turtlebot3_msgs/include/turtlebot3_msgs/srv/detail/sound__rosidl_typesupport_introspection_c.h
[1.133s] -- Up-to-date symlink: /home/parker/turtlebot3_ws/install/turtlebot3_msgs/include/turtlebot3_msgs/action/detail/patrol__builder.hpp
[1.134s] -- Up-to-date symlink: /home/parker/turtlebot3_ws/install/turtlebot3_msgs/include/turtlebot3_msgs/action/detail/patrol__struct.hpp
[1.134s] -- Up-to-date symlink: /home/parker/turtlebot3_ws/install/turtlebot3_msgs/include/turtlebot3_msgs/action/detail/patrol__traits.hpp
[1.134s] -- Up-to-date symlink: /home/parker/turtlebot3_ws/install/turtlebot3_msgs/include/turtlebot3_msgs/action/patrol.hpp
[1.135s] -- Up-to-date symlink: /home/parker/turtlebot3_ws/install/turtlebot3_msgs/include/turtlebot3_msgs/msg/detail/sensor_state__builder.hpp
[1.135s] -- Up-to-date symlink: /home/parker/turtlebot3_ws/install/turtlebot3_msgs/include/turtlebot3_msgs/msg/detail/sensor_state__struct.hpp
[1.135s] -- Up-to-date symlink: /home/parker/turtlebot3_ws/install/turtlebot3_msgs/include/turtlebot3_msgs/msg/detail/sensor_state__traits.hpp
[1.135s] -- Up-to-date symlink: /home/parker/turtlebot3_ws/install/turtlebot3_msgs/include/turtlebot3_msgs/msg/detail/sound__builder.hpp
[1.135s] -- Up-to-date symlink: /home/parker/turtlebot3_ws/install/turtlebot3_msgs/include/turtlebot3_msgs/msg/detail/sound__struct.hpp
[1.135s] -- Up-to-date symlink: /home/parker/turtlebot3_ws/install/turtlebot3_msgs/include/turtlebot3_msgs/msg/detail/sound__traits.hpp
[1.135s] -- Up-to-date symlink: /home/parker/turtlebot3_ws/install/turtlebot3_msgs/include/turtlebot3_msgs/msg/detail/version_info__builder.hpp
[1.135s] -- Up-to-date symlink: /home/parker/turtlebot3_ws/install/turtlebot3_msgs/include/turtlebot3_msgs/msg/detail/version_info__struct.hpp
[1.136s] -- Up-to-date symlink: /home/parker/turtlebot3_ws/install/turtlebot3_msgs/include/turtlebot3_msgs/msg/detail/version_info__traits.hpp
[1.136s] -- Up-to-date symlink: /home/parker/turtlebot3_ws/install/turtlebot3_msgs/include/turtlebot3_msgs/msg/sensor_state.hpp
[1.136s] -- Up-to-date symlink: /home/parker/turtlebot3_ws/install/turtlebot3_msgs/include/turtlebot3_msgs/msg/sound.hpp
[1.136s] -- Up-to-date symlink: /home/parker/turtlebot3_ws/install/turtlebot3_msgs/include/turtlebot3_msgs/msg/version_info.hpp
[1.136s] -- Up-to-date symlink: /home/parker/turtlebot3_ws/install/turtlebot3_msgs/include/turtlebot3_msgs/srv/detail/dqn__builder.hpp
[1.136s] -- Up-to-date symlink: /home/parker/turtlebot3_ws/install/turtlebot3_msgs/include/turtlebot3_msgs/srv/detail/dqn__struct.hpp
[1.136s] -- Up-to-date symlink: /home/parker/turtlebot3_ws/install/turtlebot3_msgs/include/turtlebot3_msgs/srv/detail/dqn__traits.hpp
[1.136s] -- Up-to-date symlink: /home/parker/turtlebot3_ws/install/turtlebot3_msgs/include/turtlebot3_msgs/srv/detail/sound__builder.hpp
[1.137s] -- Up-to-date symlink: /home/parker/turtlebot3_ws/install/turtlebot3_msgs/include/turtlebot3_msgs/srv/detail/sound__struct.hpp
[1.137s] -- Up-to-date symlink: /home/parker/turtlebot3_ws/install/turtlebot3_msgs/include/turtlebot3_msgs/srv/detail/sound__traits.hpp
[1.137s] -- Up-to-date symlink: /home/parker/turtlebot3_ws/install/turtlebot3_msgs/include/turtlebot3_msgs/srv/dqn.hpp
[1.137s] -- Up-to-date symlink: /home/parker/turtlebot3_ws/install/turtlebot3_msgs/include/turtlebot3_msgs/srv/sound.hpp
[1.138s] -- Up-to-date symlink: /home/parker/turtlebot3_ws/install/turtlebot3_msgs/include/turtlebot3_msgs/action/detail/patrol__rosidl_typesupport_introspection_cpp.hpp
[1.138s] -- Up-to-date symlink: /home/parker/turtlebot3_ws/install/turtlebot3_msgs/include/turtlebot3_msgs/msg/detail/sensor_state__rosidl_typesupport_introspection_cpp.hpp
[1.139s] -- Up-to-date symlink: /home/parker/turtlebot3_ws/install/turtlebot3_msgs/include/turtlebot3_msgs/msg/detail/sound__rosidl_typesupport_introspection_cpp.hpp
[1.141s] -- Up-to-date symlink: /home/parker/turtlebot3_ws/install/turtlebot3_msgs/include/turtlebot3_msgs/msg/detail/version_info__rosidl_typesupport_introspection_cpp.hpp
[1.142s] -- Up-to-date symlink: /home/parker/turtlebot3_ws/install/turtlebot3_msgs/include/turtlebot3_msgs/srv/detail/dqn__rosidl_typesupport_introspection_cpp.hpp
[1.142s] -- Up-to-date symlink: /home/parker/turtlebot3_ws/install/turtlebot3_msgs/include/turtlebot3_msgs/srv/detail/sound__rosidl_typesupport_introspection_cpp.hpp
[1.142s] -- Up-to-date symlink: /home/parker/turtlebot3_ws/install/turtlebot3_msgs/share/turtlebot3_msgs/environment/pythonpath.sh
[1.143s] -- Up-to-date symlink: /home/parker/turtlebot3_ws/install/turtlebot3_msgs/share/turtlebot3_msgs/environment/pythonpath.dsv
[1.143s] -- Up-to-date symlink: /home/parker/turtlebot3_ws/install/turtlebot3_msgs/lib/python3.8/site-packages/turtlebot3_msgs/__init__.py
[1.143s] -- Up-to-date symlink: /home/parker/turtlebot3_ws/install/turtlebot3_msgs/lib/python3.8/site-packages/turtlebot3_msgs/msg/__init__.py
[1.143s] -- Up-to-date symlink: /home/parker/turtlebot3_ws/install/turtlebot3_msgs/lib/python3.8/site-packages/turtlebot3_msgs/msg/_sensor_state.py
[1.144s] -- Up-to-date symlink: /home/parker/turtlebot3_ws/install/turtlebot3_msgs/lib/python3.8/site-packages/turtlebot3_msgs/msg/_sound.py
[1.144s] -- Up-to-date symlink: /home/parker/turtlebot3_ws/install/turtlebot3_msgs/lib/python3.8/site-packages/turtlebot3_msgs/msg/_version_info.py
[1.144s] -- Up-to-date symlink: /home/parker/turtlebot3_ws/install/turtlebot3_msgs/lib/python3.8/site-packages/turtlebot3_msgs/srv/__init__.py
[1.144s] -- Up-to-date symlink: /home/parker/turtlebot3_ws/install/turtlebot3_msgs/lib/python3.8/site-packages/turtlebot3_msgs/srv/_dqn.py
[1.145s] -- Up-to-date symlink: /home/parker/turtlebot3_ws/install/turtlebot3_msgs/lib/python3.8/site-packages/turtlebot3_msgs/srv/_sound.py
[1.145s] -- Up-to-date symlink: /home/parker/turtlebot3_ws/install/turtlebot3_msgs/lib/python3.8/site-packages/turtlebot3_msgs/action/__init__.py
[1.149s] -- Up-to-date symlink: /home/parker/turtlebot3_ws/install/turtlebot3_msgs/lib/python3.8/site-packages/turtlebot3_msgs/action/_patrol.py
[1.149s] -- Up-to-date symlink: /home/parker/turtlebot3_ws/install/turtlebot3_msgs/lib/python3.8/site-packages/turtlebot3_msgs/turtlebot3_msgs_s__rosidl_typesupport_fastrtps_c.cpython-38-x86_64-linux-gnu.so
[1.150s] -- Up-to-date symlink: /home/parker/turtlebot3_ws/install/turtlebot3_msgs/lib/python3.8/site-packages/turtlebot3_msgs/turtlebot3_msgs_s__rosidl_typesupport_introspection_c.cpython-38-x86_64-linux-gnu.so
[1.150s] -- Up-to-date symlink: /home/parker/turtlebot3_ws/install/turtlebot3_msgs/lib/python3.8/site-packages/turtlebot3_msgs/turtlebot3_msgs_s__rosidl_typesupport_c.cpython-38-x86_64-linux-gnu.so
[1.150s] -- Up-to-date symlink: /home/parker/turtlebot3_ws/install/turtlebot3_msgs/lib/libturtlebot3_msgs__python.so
[1.150s] -- Up-to-date symlink: /home/parker/turtlebot3_ws/install/turtlebot3_msgs/share/turtlebot3_msgs/msg/SensorState.idl
[1.150s] -- Up-to-date symlink: /home/parker/turtlebot3_ws/install/turtlebot3_msgs/share/turtlebot3_msgs/msg/Sound.idl
[1.152s] -- Up-to-date symlink: /home/parker/turtlebot3_ws/install/turtlebot3_msgs/share/turtlebot3_msgs/msg/VersionInfo.idl
[1.152s] -- Up-to-date symlink: /home/parker/turtlebot3_ws/install/turtlebot3_msgs/share/turtlebot3_msgs/srv/Sound.idl
[1.153s] -- Up-to-date symlink: /home/parker/turtlebot3_ws/install/turtlebot3_msgs/share/turtlebot3_msgs/srv/Dqn.idl
[1.153s] -- Up-to-date symlink: /home/parker/turtlebot3_ws/install/turtlebot3_msgs/share/turtlebot3_msgs/action/Patrol.idl
[1.153s] -- Up-to-date symlink: /home/parker/turtlebot3_ws/install/turtlebot3_msgs/share/turtlebot3_msgs/msg/SensorState.msg
[1.153s] -- Up-to-date symlink: /home/parker/turtlebot3_ws/install/turtlebot3_msgs/share/turtlebot3_msgs/msg/Sound.msg
[1.154s] -- Up-to-date symlink: /home/parker/turtlebot3_ws/install/turtlebot3_msgs/share/turtlebot3_msgs/msg/VersionInfo.msg
[1.154s] -- Up-to-date symlink: /home/parker/turtlebot3_ws/install/turtlebot3_msgs/share/turtlebot3_msgs/srv/Sound.srv
[1.154s] -- Up-to-date symlink: /home/parker/turtlebot3_ws/install/turtlebot3_msgs/share/turtlebot3_msgs/srv/Sound_Request.msg
[1.155s] -- Up-to-date symlink: /home/parker/turtlebot3_ws/install/turtlebot3_msgs/share/turtlebot3_msgs/srv/Sound_Response.msg
[1.155s] -- Up-to-date symlink: /home/parker/turtlebot3_ws/install/turtlebot3_msgs/share/turtlebot3_msgs/srv/Dqn.srv
[1.156s] -- Up-to-date symlink: /home/parker/turtlebot3_ws/install/turtlebot3_msgs/share/turtlebot3_msgs/srv/Dqn_Request.msg
[1.156s] -- Up-to-date symlink: /home/parker/turtlebot3_ws/install/turtlebot3_msgs/share/turtlebot3_msgs/srv/Dqn_Response.msg
[1.157s] -- Up-to-date symlink: /home/parker/turtlebot3_ws/install/turtlebot3_msgs/share/turtlebot3_msgs/action/Patrol.action
[1.157s] -- Up-to-date symlink: /home/parker/turtlebot3_ws/install/turtlebot3_msgs/share/ament_index/resource_index/package_run_dependencies/turtlebot3_msgs
[1.157s] -- Up-to-date symlink: /home/parker/turtlebot3_ws/install/turtlebot3_msgs/share/ament_index/resource_index/parent_prefix_path/turtlebot3_msgs
[1.160s] -- Up-to-date symlink: /home/parker/turtlebot3_ws/install/turtlebot3_msgs/share/turtlebot3_msgs/environment/ament_prefix_path.sh
[1.160s] -- Up-to-date symlink: /home/parker/turtlebot3_ws/install/turtlebot3_msgs/share/turtlebot3_msgs/environment/ament_prefix_path.dsv
[1.163s] -- Up-to-date symlink: /home/parker/turtlebot3_ws/install/turtlebot3_msgs/share/turtlebot3_msgs/environment/path.sh
[1.163s] -- Up-to-date symlink: /home/parker/turtlebot3_ws/install/turtlebot3_msgs/share/turtlebot3_msgs/environment/path.dsv
[1.164s] -- Up-to-date symlink: /home/parker/turtlebot3_ws/install/turtlebot3_msgs/share/turtlebot3_msgs/local_setup.bash
[1.164s] -- Up-to-date symlink: /home/parker/turtlebot3_ws/install/turtlebot3_msgs/share/turtlebot3_msgs/local_setup.sh
[1.164s] -- Up-to-date symlink: /home/parker/turtlebot3_ws/install/turtlebot3_msgs/share/turtlebot3_msgs/local_setup.zsh
[1.164s] -- Up-to-date symlink: /home/parker/turtlebot3_ws/install/turtlebot3_msgs/share/turtlebot3_msgs/local_setup.dsv
[1.165s] -- Symlinking: /home/parker/turtlebot3_ws/install/turtlebot3_msgs/share/turtlebot3_msgs/package.dsv
[1.174s] -- Up-to-date symlink: /home/parker/turtlebot3_ws/install/turtlebot3_msgs/share/ament_index/resource_index/packages/turtlebot3_msgs
[1.175s] -- Up-to-date symlink: /home/parker/turtlebot3_ws/install/turtlebot3_msgs/share/turtlebot3_msgs/cmake/rosidl_cmake-extras.cmake
[1.175s] -- Up-to-date symlink: /home/parker/turtlebot3_ws/install/turtlebot3_msgs/share/turtlebot3_msgs/cmake/ament_cmake_export_dependencies-extras.cmake
[1.175s] -- Up-to-date symlink: /home/parker/turtlebot3_ws/install/turtlebot3_msgs/share/turtlebot3_msgs/cmake/ament_cmake_export_libraries-extras.cmake
[1.176s] -- Up-to-date symlink: /home/parker/turtlebot3_ws/install/turtlebot3_msgs/share/turtlebot3_msgs/cmake/ament_cmake_export_targets-extras.cmake
[1.176s] -- Up-to-date symlink: /home/parker/turtlebot3_ws/install/turtlebot3_msgs/share/turtlebot3_msgs/cmake/ament_cmake_export_include_directories-extras.cmake
[1.176s] -- Up-to-date symlink: /home/parker/turtlebot3_ws/install/turtlebot3_msgs/share/turtlebot3_msgs/cmake/rosidl_cmake_export_typesupport_libraries-extras.cmake
[1.177s] -- Up-to-date symlink: /home/parker/turtlebot3_ws/install/turtlebot3_msgs/share/turtlebot3_msgs/cmake/rosidl_cmake_export_typesupport_targets-extras.cmake
[1.177s] -- Up-to-date symlink: /home/parker/turtlebot3_ws/install/turtlebot3_msgs/share/turtlebot3_msgs/cmake/turtlebot3_msgsConfig.cmake
[1.177s] -- Up-to-date symlink: /home/parker/turtlebot3_ws/install/turtlebot3_msgs/share/turtlebot3_msgs/cmake/turtlebot3_msgsConfig-version.cmake
[1.178s] -- Up-to-date symlink: /home/parker/turtlebot3_ws/install/turtlebot3_msgs/share/turtlebot3_msgs/package.xml
[1.179s] -- Up-to-date: /home/parker/turtlebot3_ws/install/turtlebot3_msgs/lib/libturtlebot3_msgs__rosidl_generator_c.so
[1.180s] -- Up-to-date: /home/parker/turtlebot3_ws/install/turtlebot3_msgs/lib/libturtlebot3_msgs__rosidl_typesupport_introspection_c.so
[1.180s] -- Up-to-date: /home/parker/turtlebot3_ws/install/turtlebot3_msgs/lib/libturtlebot3_msgs__rosidl_typesupport_c.so
[1.181s] -- Up-to-date: /home/parker/turtlebot3_ws/install/turtlebot3_msgs/lib/libturtlebot3_msgs__rosidl_typesupport_introspection_cpp.so
[1.182s] -- Up-to-date: /home/parker/turtlebot3_ws/install/turtlebot3_msgs/lib/libturtlebot3_msgs__rosidl_typesupport_cpp.so
[1.297s] -- Up-to-date: /home/parker/turtlebot3_ws/install/turtlebot3_msgs/share/turtlebot3_msgs/cmake/turtlebot3_msgs__rosidl_generator_cExport.cmake
[1.297s] -- Up-to-date: /home/parker/turtlebot3_ws/install/turtlebot3_msgs/share/turtlebot3_msgs/cmake/turtlebot3_msgs__rosidl_generator_cExport-noconfig.cmake
[1.298s] -- Up-to-date: /home/parker/turtlebot3_ws/install/turtlebot3_msgs/share/turtlebot3_msgs/cmake/turtlebot3_msgs__rosidl_typesupport_introspection_cExport.cmake
[1.298s] -- Up-to-date: /home/parker/turtlebot3_ws/install/turtlebot3_msgs/share/turtlebot3_msgs/cmake/turtlebot3_msgs__rosidl_typesupport_introspection_cExport-noconfig.cmake
[1.298s] -- Up-to-date: /home/parker/turtlebot3_ws/install/turtlebot3_msgs/share/turtlebot3_msgs/cmake/turtlebot3_msgs__rosidl_typesupport_cExport.cmake
[1.298s] -- Up-to-date: /home/parker/turtlebot3_ws/install/turtlebot3_msgs/share/turtlebot3_msgs/cmake/turtlebot3_msgs__rosidl_typesupport_cExport-noconfig.cmake
[1.299s] -- Up-to-date: /home/parker/turtlebot3_ws/install/turtlebot3_msgs/share/turtlebot3_msgs/cmake/turtlebot3_msgs__rosidl_generator_cppExport.cmake
[1.299s] -- Up-to-date: /home/parker/turtlebot3_ws/install/turtlebot3_msgs/share/turtlebot3_msgs/cmake/turtlebot3_msgs__rosidl_typesupport_introspection_cppExport.cmake
[1.299s] -- Up-to-date: /home/parker/turtlebot3_ws/install/turtlebot3_msgs/share/turtlebot3_msgs/cmake/turtlebot3_msgs__rosidl_typesupport_introspection_cppExport-noconfig.cmake
[1.300s] -- Up-to-date: /home/parker/turtlebot3_ws/install/turtlebot3_msgs/share/turtlebot3_msgs/cmake/turtlebot3_msgs__rosidl_typesupport_cppExport.cmake
[1.300s] -- Up-to-date: /home/parker/turtlebot3_ws/install/turtlebot3_msgs/share/turtlebot3_msgs/cmake/turtlebot3_msgs__rosidl_typesupport_cppExport-noconfig.cmake
[1.307s] Invoked command in '/home/parker/turtlebot3_ws/build/turtlebot3_msgs' returned '0': CMAKE_PREFIX_PATH=${CMAKE_PREFIX_PATH}:/home/parker/turtlebot3_ws/install/turtlebot3_teleop:/home/parker/turtlebot3_ws/install/turtlebot3_example:/opt/ros/foxy /usr/bin/cmake --install /home/parker/turtlebot3_ws/build/turtlebot3_msgs
