[0.400s] Invoking command in '/home/parker/turtlebot3_ws/build/turtlebot3_fake_node': CMAKE_PREFIX_PATH=/home/parker/turtlebot3_ws/install/turtlebot3_msgs:/home/parker/turtlebot3_ws/install/turtlebot3:/home/parker/turtlebot3_ws/install/turtlebot3_bringup:/home/parker/turtlebot3_ws/install/turtlebot3_node:/home/parker/turtlebot3_ws/install/turtlebot3_navigation2:/home/parker/turtlebot3_ws/install/turtlebot3_description:/home/parker/turtlebot3_ws/install/turtlebot3_cartographer:/home/parker/turtlebot3_ws/install/dynamixel_sdk_examples:/home/parker/turtlebot3_ws/install/dynamixel_sdk_custom_interfaces:/home/parker/turtlebot3_ws/install/dynamixel_sdk:/home/parker/turtlebot3_ws/install/turtlebot3_teleop:/home/parker/turtlebot3_ws/install/turtlebot3_example:/opt/ros/foxy PYTHONPATH=/home/parker/turtlebot3_ws/install/turtlebot3_msgs/lib/python3.8/site-packages:/home/parker/turtlebot3_ws/build/turtlebot3_teleop:/home/parker/turtlebot3_ws/install/turtlebot3_teleop/lib/python3.8/site-packages:/home/parker/turtlebot3_ws/build/turtlebot3_example:/home/parker/turtlebot3_ws/install/turtlebot3_example/lib/python3.8/site-packages:/home/parker/turtlebot3_ws/install/dynamixel_sdk_custom_interfaces/lib/python3.8/site-packages:/opt/ros/foxy/lib/python3.8/site-packages /usr/bin/cmake --build /home/parker/turtlebot3_ws/build/turtlebot3_fake_node -- -j4 -l4
[0.519s] [100%] Built target turtlebot3_fake_node
[0.543s] Invoked command in '/home/parker/turtlebot3_ws/build/turtlebot3_fake_node' returned '0': CMAKE_PREFIX_PATH=/home/parker/turtlebot3_ws/install/turtlebot3_msgs:/home/parker/turtlebot3_ws/install/turtlebot3:/home/parker/turtlebot3_ws/install/turtlebot3_bringup:/home/parker/turtlebot3_ws/install/turtlebot3_node:/home/parker/turtlebot3_ws/install/turtlebot3_navigation2:/home/parker/turtlebot3_ws/install/turtlebot3_description:/home/parker/turtlebot3_ws/install/turtlebot3_cartographer:/home/parker/turtlebot3_ws/install/dynamixel_sdk_examples:/home/parker/turtlebot3_ws/install/dynamixel_sdk_custom_interfaces:/home/parker/turtlebot3_ws/install/dynamixel_sdk:/home/parker/turtlebot3_ws/install/turtlebot3_teleop:/home/parker/turtlebot3_ws/install/turtlebot3_example:/opt/ros/foxy PYTHONPATH=/home/parker/turtlebot3_ws/install/turtlebot3_msgs/lib/python3.8/site-packages:/home/parker/turtlebot3_ws/build/turtlebot3_teleop:/home/parker/turtlebot3_ws/install/turtlebot3_teleop/lib/python3.8/site-packages:/home/parker/turtlebot3_ws/build/turtlebot3_example:/home/parker/turtlebot3_ws/install/turtlebot3_example/lib/python3.8/site-packages:/home/parker/turtlebot3_ws/install/dynamixel_sdk_custom_interfaces/lib/python3.8/site-packages:/opt/ros/foxy/lib/python3.8/site-packages /usr/bin/cmake --build /home/parker/turtlebot3_ws/build/turtlebot3_fake_node -- -j4 -l4
[0.641s] Invoking command in '/home/parker/turtlebot3_ws/build/turtlebot3_fake_node': CMAKE_PREFIX_PATH=/home/parker/turtlebot3_ws/install/turtlebot3_msgs:/home/parker/turtlebot3_ws/install/turtlebot3:/home/parker/turtlebot3_ws/install/turtlebot3_bringup:/home/parker/turtlebot3_ws/install/turtlebot3_node:/home/parker/turtlebot3_ws/install/turtlebot3_navigation2:/home/parker/turtlebot3_ws/install/turtlebot3_description:/home/parker/turtlebot3_ws/install/turtlebot3_cartographer:/home/parker/turtlebot3_ws/install/dynamixel_sdk_examples:/home/parker/turtlebot3_ws/install/dynamixel_sdk_custom_interfaces:/home/parker/turtlebot3_ws/install/dynamixel_sdk:/home/parker/turtlebot3_ws/install/turtlebot3_teleop:/home/parker/turtlebot3_ws/install/turtlebot3_example:/opt/ros/foxy PYTHONPATH=/home/parker/turtlebot3_ws/install/turtlebot3_msgs/lib/python3.8/site-packages:/home/parker/turtlebot3_ws/build/turtlebot3_teleop:/home/parker/turtlebot3_ws/install/turtlebot3_teleop/lib/python3.8/site-packages:/home/parker/turtlebot3_ws/build/turtlebot3_example:/home/parker/turtlebot3_ws/install/turtlebot3_example/lib/python3.8/site-packages:/home/parker/turtlebot3_ws/install/dynamixel_sdk_custom_interfaces/lib/python3.8/site-packages:/opt/ros/foxy/lib/python3.8/site-packages /usr/bin/cmake --install /home/parker/turtlebot3_ws/build/turtlebot3_fake_node
[0.666s] -- Install configuration: ""
[0.666s] -- Execute custom install script
[0.667s] -- Up-to-date symlink: /home/parker/turtlebot3_ws/install/turtlebot3_fake_node/lib/turtlebot3_fake_node/turtlebot3_fake_node
[0.667s] -- Up-to-date symlink: /home/parker/turtlebot3_ws/install/turtlebot3_fake_node/share/turtlebot3_fake_node/launch/rviz2.launch.py
[0.667s] -- Up-to-date symlink: /home/parker/turtlebot3_ws/install/turtlebot3_fake_node/share/turtlebot3_fake_node/launch/turtlebot3_fake_node.launch.py
[0.676s] -- Up-to-date symlink: /home/parker/turtlebot3_ws/install/turtlebot3_fake_node/share/turtlebot3_fake_node/param/burger.yaml
[0.677s] -- Up-to-date symlink: /home/parker/turtlebot3_ws/install/turtlebot3_fake_node/share/turtlebot3_fake_node/param/waffle.yaml
[0.677s] -- Up-to-date symlink: /home/parker/turtlebot3_ws/install/turtlebot3_fake_node/share/turtlebot3_fake_node/param/waffle_pi.yaml
[0.678s] -- Up-to-date symlink: /home/parker/turtlebot3_ws/install/turtlebot3_fake_node/share/turtlebot3_fake_node/rviz/model.rviz
[0.679s] -- Up-to-date symlink: /home/parker/turtlebot3_ws/install/turtlebot3_fake_node/include//turtlebot3_fake_node/turtlebot3_fake_node.hpp
[0.680s] -- Up-to-date symlink: /home/parker/turtlebot3_ws/install/turtlebot3_fake_node/share/ament_index/resource_index/package_run_dependencies/turtlebot3_fake_node
[0.681s] -- Up-to-date symlink: /home/parker/turtlebot3_ws/install/turtlebot3_fake_node/share/ament_index/resource_index/parent_prefix_path/turtlebot3_fake_node
[0.681s] -- Up-to-date symlink: /home/parker/turtlebot3_ws/install/turtlebot3_fake_node/share/turtlebot3_fake_node/environment/ament_prefix_path.sh
[0.683s] -- Up-to-date symlink: /home/parker/turtlebot3_ws/install/turtlebot3_fake_node/share/turtlebot3_fake_node/environment/ament_prefix_path.dsv
[0.683s] -- Up-to-date symlink: /home/parker/turtlebot3_ws/install/turtlebot3_fake_node/share/turtlebot3_fake_node/environment/path.sh
[0.684s] -- Up-to-date symlink: /home/parker/turtlebot3_ws/install/turtlebot3_fake_node/share/turtlebot3_fake_node/environment/path.dsv
[0.685s] -- Up-to-date symlink: /home/parker/turtlebot3_ws/install/turtlebot3_fake_node/share/turtlebot3_fake_node/local_setup.bash
[0.685s] -- Up-to-date symlink: /home/parker/turtlebot3_ws/install/turtlebot3_fake_node/share/turtlebot3_fake_node/local_setup.sh
[0.686s] -- Up-to-date symlink: /home/parker/turtlebot3_ws/install/turtlebot3_fake_node/share/turtlebot3_fake_node/local_setup.zsh
[0.687s] -- Up-to-date symlink: /home/parker/turtlebot3_ws/install/turtlebot3_fake_node/share/turtlebot3_fake_node/local_setup.dsv
[0.687s] -- Symlinking: /home/parker/turtlebot3_ws/install/turtlebot3_fake_node/share/turtlebot3_fake_node/package.dsv
[0.707s] -- Up-to-date symlink: /home/parker/turtlebot3_ws/install/turtlebot3_fake_node/share/ament_index/resource_index/packages/turtlebot3_fake_node
[0.708s] -- Up-to-date symlink: /home/parker/turtlebot3_ws/install/turtlebot3_fake_node/share/turtlebot3_fake_node/cmake/ament_cmake_export_include_directories-extras.cmake
[0.709s] -- Up-to-date symlink: /home/parker/turtlebot3_ws/install/turtlebot3_fake_node/share/turtlebot3_fake_node/cmake/ament_cmake_export_dependencies-extras.cmake
[0.710s] -- Up-to-date symlink: /home/parker/turtlebot3_ws/install/turtlebot3_fake_node/share/turtlebot3_fake_node/cmake/turtlebot3_fake_nodeConfig.cmake
[0.711s] -- Up-to-date symlink: /home/parker/turtlebot3_ws/install/turtlebot3_fake_node/share/turtlebot3_fake_node/cmake/turtlebot3_fake_nodeConfig-version.cmake
[0.712s] -- Up-to-date symlink: /home/parker/turtlebot3_ws/install/turtlebot3_fake_node/share/turtlebot3_fake_node/package.xml
[0.722s] Invoked command in '/home/parker/turtlebot3_ws/build/turtlebot3_fake_node' returned '0': CMAKE_PREFIX_PATH=/home/parker/turtlebot3_ws/install/turtlebot3_msgs:/home/parker/turtlebot3_ws/install/turtlebot3:/home/parker/turtlebot3_ws/install/turtlebot3_bringup:/home/parker/turtlebot3_ws/install/turtlebot3_node:/home/parker/turtlebot3_ws/install/turtlebot3_navigation2:/home/parker/turtlebot3_ws/install/turtlebot3_description:/home/parker/turtlebot3_ws/install/turtlebot3_cartographer:/home/parker/turtlebot3_ws/install/dynamixel_sdk_examples:/home/parker/turtlebot3_ws/install/dynamixel_sdk_custom_interfaces:/home/parker/turtlebot3_ws/install/dynamixel_sdk:/home/parker/turtlebot3_ws/install/turtlebot3_teleop:/home/parker/turtlebot3_ws/install/turtlebot3_example:/opt/ros/foxy PYTHONPATH=/home/parker/turtlebot3_ws/install/turtlebot3_msgs/lib/python3.8/site-packages:/home/parker/turtlebot3_ws/build/turtlebot3_teleop:/home/parker/turtlebot3_ws/install/turtlebot3_teleop/lib/python3.8/site-packages:/home/parker/turtlebot3_ws/build/turtlebot3_example:/home/parker/turtlebot3_ws/install/turtlebot3_example/lib/python3.8/site-packages:/home/parker/turtlebot3_ws/install/dynamixel_sdk_custom_interfaces/lib/python3.8/site-packages:/opt/ros/foxy/lib/python3.8/site-packages /usr/bin/cmake --install /home/parker/turtlebot3_ws/build/turtlebot3_fake_node
