[2.924s] Invoking command in '/home/parker/turtlebot3_ws/build/turtlebot3_teleop': PYTHONPATH=/home/parker/turtlebot3_ws/build/turtlebot3_teleop/prefix_override:/home/parker/turtlebot3_ws/install/turtlebot3_teleop/lib/python3.8/site-packages:${PYTHONPATH} /usr/bin/python3 setup.py develop --editable --build-directory /home/parker/turtlebot3_ws/build/turtlebot3_teleop/build --no-deps install_data
[3.703s] running develop
[4.077s] running egg_info
[4.077s] creating turtlebot3_teleop.egg-info
[4.077s] writing turtlebot3_teleop.egg-info/PKG-INFO
[4.077s] writing dependency_links to turtlebot3_teleop.egg-info/dependency_links.txt
[4.078s] writing entry points to turtlebot3_teleop.egg-info/entry_points.txt
[4.078s] writing requirements to turtlebot3_teleop.egg-info/requires.txt
[4.078s] writing top-level names to turtlebot3_teleop.egg-info/top_level.txt
[4.081s] writing manifest file 'turtlebot3_teleop.egg-info/SOURCES.txt'
[4.180s] reading manifest file 'turtlebot3_teleop.egg-info/SOURCES.txt'
[4.181s] writing manifest file 'turtlebot3_teleop.egg-info/SOURCES.txt'
[4.295s] running build_ext
[4.296s] Creating /home/parker/turtlebot3_ws/install/turtlebot3_teleop/lib/python3.8/site-packages/site.py
[4.300s] Creating /home/parker/turtlebot3_ws/install/turtlebot3_teleop/lib/python3.8/site-packages/turtlebot3-teleop.egg-link (link to .)
[4.301s] Installing teleop_keyboard script to /home/parker/turtlebot3_ws/install/turtlebot3_teleop/lib/turtlebot3_teleop
[4.303s] 
[4.303s] Installed /home/parker/turtlebot3_ws/build/turtlebot3_teleop
[4.303s] running install_data
[4.303s] creating /home/parker/turtlebot3_ws/install/turtlebot3_teleop/share/ament_index
[4.304s] creating /home/parker/turtlebot3_ws/install/turtlebot3_teleop/share/ament_index/resource_index
[4.304s] creating /home/parker/turtlebot3_ws/install/turtlebot3_teleop/share/ament_index/resource_index/packages
[4.304s] copying resource/turtlebot3_teleop -> /home/parker/turtlebot3_ws/install/turtlebot3_teleop/share/ament_index/resource_index/packages
[4.305s] copying package.xml -> /home/parker/turtlebot3_ws/install/turtlebot3_teleop/share/turtlebot3_teleop
[4.394s] Invoked command in '/home/parker/turtlebot3_ws/build/turtlebot3_teleop' returned '0': PYTHONPATH=/home/parker/turtlebot3_ws/build/turtlebot3_teleop/prefix_override:/home/parker/turtlebot3_ws/install/turtlebot3_teleop/lib/python3.8/site-packages:${PYTHONPATH} /usr/bin/python3 setup.py develop --editable --build-directory /home/parker/turtlebot3_ws/build/turtlebot3_teleop/build --no-deps install_data
