[1.219s] Invoking command in '/home/parker/turtlebot3_ws/build/turtlebot3_example': AMENT_PREFIX_PATH=/home/parker/turtlebot3_ws/install/turtlebot3_msgs:${AMENT_PREFIX_PATH} CMAKE_PREFIX_PATH=/home/parker/turtlebot3_ws/install/turtlebot3_msgs LD_LIBRARY_PATH=/home/parker/turtlebot3_ws/install/turtlebot3_msgs/lib:${LD_LIBRARY_PATH} PYTHONPATH=/home/parker/turtlebot3_ws/build/turtlebot3_example/prefix_override:/home/parker/turtlebot3_ws/install/turtlebot3_example/lib/python3.8/site-packages:/home/parker/turtlebot3_ws/install/turtlebot3_msgs/lib/python3.8/site-packages:${PYTHONPATH} /usr/bin/python3 setup.py develop --editable --build-directory /home/parker/turtlebot3_ws/build/turtlebot3_example/build --no-deps install_data
[1.601s] running develop
[1.788s] running egg_info
[1.788s] creating turtlebot3_example.egg-info
[1.788s] writing turtlebot3_example.egg-info/PKG-INFO
[1.789s] writing dependency_links to turtlebot3_example.egg-info/dependency_links.txt
[1.789s] writing entry points to turtlebot3_example.egg-info/entry_points.txt
[1.789s] writing requirements to turtlebot3_example.egg-info/requires.txt
[1.789s] writing top-level names to turtlebot3_example.egg-info/top_level.txt
[1.791s] writing manifest file 'turtlebot3_example.egg-info/SOURCES.txt'
[1.842s] reading manifest file 'turtlebot3_example.egg-info/SOURCES.txt'
[1.843s] writing manifest file 'turtlebot3_example.egg-info/SOURCES.txt'
[1.896s] running build_ext
[1.896s] Creating /home/parker/turtlebot3_ws/install/turtlebot3_example/lib/python3.8/site-packages/site.py
[1.899s] Creating /home/parker/turtlebot3_ws/install/turtlebot3_example/lib/python3.8/site-packages/turtlebot3-example.egg-link (link to .)
[1.901s] Installing turtlebot3_obstacle_detection script to /home/parker/turtlebot3_ws/install/turtlebot3_example/lib/turtlebot3_example
[1.901s] Installing turtlebot3_patrol_client script to /home/parker/turtlebot3_ws/install/turtlebot3_example/lib/turtlebot3_example
[1.901s] Installing turtlebot3_patrol_server script to /home/parker/turtlebot3_ws/install/turtlebot3_example/lib/turtlebot3_example
[1.901s] Installing turtlebot3_position_control script to /home/parker/turtlebot3_ws/install/turtlebot3_example/lib/turtlebot3_example
[1.902s] 
[1.902s] Installed /home/parker/turtlebot3_ws/build/turtlebot3_example
[1.902s] running install_data
[1.903s] creating /home/parker/turtlebot3_ws/install/turtlebot3_example/share/ament_index
[1.903s] creating /home/parker/turtlebot3_ws/install/turtlebot3_example/share/ament_index/resource_index
[1.903s] creating /home/parker/turtlebot3_ws/install/turtlebot3_example/share/ament_index/resource_index/packages
[1.904s] copying resource/turtlebot3_example -> /home/parker/turtlebot3_ws/install/turtlebot3_example/share/ament_index/resource_index/packages
[1.904s] copying package.xml -> /home/parker/turtlebot3_ws/install/turtlebot3_example/share/turtlebot3_example
[1.948s] Invoked command in '/home/parker/turtlebot3_ws/build/turtlebot3_example' returned '0': AMENT_PREFIX_PATH=/home/parker/turtlebot3_ws/install/turtlebot3_msgs:${AMENT_PREFIX_PATH} CMAKE_PREFIX_PATH=/home/parker/turtlebot3_ws/install/turtlebot3_msgs LD_LIBRARY_PATH=/home/parker/turtlebot3_ws/install/turtlebot3_msgs/lib:${LD_LIBRARY_PATH} PYTHONPATH=/home/parker/turtlebot3_ws/build/turtlebot3_example/prefix_override:/home/parker/turtlebot3_ws/install/turtlebot3_example/lib/python3.8/site-packages:/home/parker/turtlebot3_ws/install/turtlebot3_msgs/lib/python3.8/site-packages:${PYTHONPATH} /usr/bin/python3 setup.py develop --editable --build-directory /home/parker/turtlebot3_ws/build/turtlebot3_example/build --no-deps install_data
