[0.059s] Invoking command in '/home/parker/turtlebot3_ws/build/turtlebot3_description': CMAKE_PREFIX_PATH=/opt/ros/foxy /usr/bin/cmake /home/parker/turtlebot3_ws/src/turtlebot3/turtlebot3_description -DAMENT_CMAKE_SYMLINK_INSTALL=1 -DCMAKE_INSTALL_PREFIX=/home/parker/turtlebot3_ws/install/turtlebot3_description
[0.452s] -- The C compiler identification is GNU 9.4.0
[0.766s] -- The CXX compiler identification is GNU 9.4.0
[0.782s] -- Check for working C compiler: /usr/bin/cc
[0.928s] -- Check for working C compiler: /usr/bin/cc -- works
[0.942s] -- Detecting C compiler ABI info
[1.070s] -- Detecting C compiler ABI info - done
[1.099s] -- Detecting C compile features
[1.100s] -- Detecting C compile features - done
[1.107s] -- Check for working CXX compiler: /usr/bin/c++
[1.265s] -- Check for working CXX compiler: /usr/bin/c++ -- works
[1.269s] -- Detecting CXX compiler ABI info
[1.427s] -- Detecting CXX compiler ABI info - done
[1.457s] -- Detecting CXX compile features
[1.459s] -- Detecting CXX compile features - done
[1.465s] -- Found ament_cmake: 0.9.11 (/opt/ros/foxy/share/ament_cmake/cmake)
[1.516s] -- Found PythonInterp: /usr/bin/python3 (found suitable version "3.8.10", minimum required is "3") 
[1.517s] -- Using PYTHON_EXECUTABLE: /usr/bin/python3
[1.936s] -- Override CMake install command with custom implementation using symlinks instead of copying resources
[1.985s] -- Found urdf: 2.4.0 (/opt/ros/foxy/share/urdf/cmake)
[2.188s] -- Configuring done
[2.193s] -- Generating done
[2.195s] -- Build files have been written to: /home/parker/turtlebot3_ws/build/turtlebot3_description
[2.210s] Invoked command in '/home/parker/turtlebot3_ws/build/turtlebot3_description' returned '0': CMAKE_PREFIX_PATH=/opt/ros/foxy /usr/bin/cmake /home/parker/turtlebot3_ws/src/turtlebot3/turtlebot3_description -DAMENT_CMAKE_SYMLINK_INSTALL=1 -DCMAKE_INSTALL_PREFIX=/home/parker/turtlebot3_ws/install/turtlebot3_description
[2.212s] Invoking command in '/home/parker/turtlebot3_ws/build/turtlebot3_description': CMAKE_PREFIX_PATH=/opt/ros/foxy /usr/bin/cmake --build /home/parker/turtlebot3_ws/build/turtlebot3_description -- -j4 -l4
[2.335s] Invoked command in '/home/parker/turtlebot3_ws/build/turtlebot3_description' returned '0': CMAKE_PREFIX_PATH=/opt/ros/foxy /usr/bin/cmake --build /home/parker/turtlebot3_ws/build/turtlebot3_description -- -j4 -l4
[2.629s] Invoking command in '/home/parker/turtlebot3_ws/build/turtlebot3_description': CMAKE_PREFIX_PATH=/opt/ros/foxy /usr/bin/cmake --install /home/parker/turtlebot3_ws/build/turtlebot3_description
[2.670s] -- Install configuration: ""
[2.676s] -- Execute custom install script
[2.687s] -- Symlinking: /home/parker/turtlebot3_ws/install/turtlebot3_description/share/turtlebot3_description/meshes/bases/burger_base.stl
[2.724s] -- Symlinking: /home/parker/turtlebot3_ws/install/turtlebot3_description/share/turtlebot3_description/meshes/bases/waffle_base.stl
[2.771s] -- Symlinking: /home/parker/turtlebot3_ws/install/turtlebot3_description/share/turtlebot3_description/meshes/bases/waffle_pi_base.stl
[2.817s] -- Symlinking: /home/parker/turtlebot3_ws/install/turtlebot3_description/share/turtlebot3_description/meshes/sensors/astra.dae
[2.860s] -- Symlinking: /home/parker/turtlebot3_ws/install/turtlebot3_description/share/turtlebot3_description/meshes/sensors/astra.jpg
[2.911s] -- Symlinking: /home/parker/turtlebot3_ws/install/turtlebot3_description/share/turtlebot3_description/meshes/sensors/lds.stl
[2.951s] -- Symlinking: /home/parker/turtlebot3_ws/install/turtlebot3_description/share/turtlebot3_description/meshes/sensors/r200.dae
[2.991s] -- Symlinking: /home/parker/turtlebot3_ws/install/turtlebot3_description/share/turtlebot3_description/meshes/sensors/r200.jpg
[3.027s] -- Symlinking: /home/parker/turtlebot3_ws/install/turtlebot3_description/share/turtlebot3_description/meshes/wheels/left_tire.stl
[3.071s] -- Symlinking: /home/parker/turtlebot3_ws/install/turtlebot3_description/share/turtlebot3_description/meshes/wheels/right_tire.stl
[3.099s] -- Symlinking: /home/parker/turtlebot3_ws/install/turtlebot3_description/share/turtlebot3_description/rviz/model.rviz
[3.140s] -- Symlinking: /home/parker/turtlebot3_ws/install/turtlebot3_description/share/turtlebot3_description/urdf/common_properties.urdf
[3.182s] -- Symlinking: /home/parker/turtlebot3_ws/install/turtlebot3_description/share/turtlebot3_description/urdf/turtlebot3_burger.urdf
[3.228s] -- Symlinking: /home/parker/turtlebot3_ws/install/turtlebot3_description/share/turtlebot3_description/urdf/turtlebot3_waffle.urdf
[3.271s] -- Symlinking: /home/parker/turtlebot3_ws/install/turtlebot3_description/share/turtlebot3_description/urdf/turtlebot3_waffle_pi.urdf
[3.310s] -- Symlinking: /home/parker/turtlebot3_ws/install/turtlebot3_description/share/ament_index/resource_index/package_run_dependencies/turtlebot3_description
[3.346s] -- Symlinking: /home/parker/turtlebot3_ws/install/turtlebot3_description/share/ament_index/resource_index/parent_prefix_path/turtlebot3_description
[3.382s] -- Symlinking: /home/parker/turtlebot3_ws/install/turtlebot3_description/share/turtlebot3_description/environment/ament_prefix_path.sh
[3.399s] -- Symlinking: /home/parker/turtlebot3_ws/install/turtlebot3_description/share/turtlebot3_description/environment/ament_prefix_path.dsv
[3.416s] -- Symlinking: /home/parker/turtlebot3_ws/install/turtlebot3_description/share/turtlebot3_description/environment/path.sh
[3.433s] -- Symlinking: /home/parker/turtlebot3_ws/install/turtlebot3_description/share/turtlebot3_description/environment/path.dsv
[3.451s] -- Symlinking: /home/parker/turtlebot3_ws/install/turtlebot3_description/share/turtlebot3_description/local_setup.bash
[3.469s] -- Symlinking: /home/parker/turtlebot3_ws/install/turtlebot3_description/share/turtlebot3_description/local_setup.sh
[3.486s] -- Symlinking: /home/parker/turtlebot3_ws/install/turtlebot3_description/share/turtlebot3_description/local_setup.zsh
[3.503s] -- Symlinking: /home/parker/turtlebot3_ws/install/turtlebot3_description/share/turtlebot3_description/local_setup.dsv
[3.521s] -- Symlinking: /home/parker/turtlebot3_ws/install/turtlebot3_description/share/turtlebot3_description/package.dsv
[3.539s] -- Symlinking: /home/parker/turtlebot3_ws/install/turtlebot3_description/share/ament_index/resource_index/packages/turtlebot3_description
[3.557s] -- Symlinking: /home/parker/turtlebot3_ws/install/turtlebot3_description/share/turtlebot3_description/cmake/turtlebot3_descriptionConfig.cmake
[3.625s] -- Symlinking: /home/parker/turtlebot3_ws/install/turtlebot3_description/share/turtlebot3_description/cmake/turtlebot3_descriptionConfig-version.cmake
[3.662s] -- Symlinking: /home/parker/turtlebot3_ws/install/turtlebot3_description/share/turtlebot3_description/package.xml
[3.690s] Invoked command in '/home/parker/turtlebot3_ws/build/turtlebot3_description' returned '0': CMAKE_PREFIX_PATH=/opt/ros/foxy /usr/bin/cmake --install /home/parker/turtlebot3_ws/build/turtlebot3_description
